# JRE version: 7.0_11-b21
# Java VM: Java HotSpot(TM) 64-Bit Server VM (23.6-b04 mixed mode linux-amd64 compressed oops)
Heap
 PSYoungGen      total 15680K, used 14912K [0x00000000fa000000, 0x00000000fb000000, 0x0000000100000000)
  eden space 14912K, 100% used [0x00000000fa000000,0x00000000fae90000,0x00000000fae90000)
  from space 768K, 0% used [0x00000000faf40000,0x00000000faf40000,0x00000000fb000000)
  to   space 704K, 0% used [0x00000000fae90000,0x00000000fae90000,0x00000000faf40000)
 ParOldGen       total 172224K, used 172039K [0x00000000e8000000, 0x00000000f2830000, 0x00000000fa000000)
  object space 172224K, 99% used [0x00000000e8000000,0x00000000f2801cb8,0x00000000f2830000)
 PSPermGen       total 64960K, used 64193K [0x00000000e0000000, 0x00000000e3f70000, 0x00000000e8000000)
  object space 64960K, 98% used [0x00000000e0000000,0x00000000e3eb0788,0x00000000e3f70000)
GC Heap History (10 events):
Event: 284203.917 GC heap before
{Heap before GC invocations=10114 (full 31):
 PSYoungGen      total 15616K, used 14848K [0x00000000fa000000, 0x00000000fb000000, 0x0000000100000000)
  eden space 14848K, 100% used [0x00000000fa000000,0x00000000fae80000,0x00000000fae80000)
  from space 768K, 0% used [0x00000000fae80000,0x00000000fae80000,0x00000000faf40000)
  to   space 768K, 0% used [0x00000000faf40000,0x00000000faf40000,0x00000000fb000000)
 ParOldGen       total 294912K, used 294912K [0x00000000e8000000, 0x00000000fa000000, 0x00000000fa000000)
  object space 294912K, 100% used [0x00000000e8000000,0x00000000fa000000,0x00000000fa000000)
 PSPermGen       total 65216K, used 64193K [0x00000000e0000000, 0x00000000e3fb0000, 0x00000000e8000000)
  object space 65216K, 98% used [0x00000000e0000000,0x00000000e3eb06d0,0x00000000e3fb0000)
Event: 284204.057 GC heap after
Heap after GC invocations=10114 (full 31):
 PSYoungGen      total 15616K, used 0K [0x00000000fa000000, 0x00000000fb000000, 0x0000000100000000)
  eden space 14848K, 0% used [0x00000000fa000000,0x00000000fa000000,0x00000000fae80000)
  from space 768K, 0% used [0x00000000fae80000,0x00000000fae80000,0x00000000faf40000)
  to   space 768K, 0% used [0x00000000faf40000,0x00000000faf40000,0x00000000fb000000)
 ParOldGen       total 88512K, used 55922K [0x00000000e8000000, 0x00000000ed670000, 0x00000000fa000000)
  object space 88512K, 63% used [0x00000000e8000000,0x00000000eb69cbb0,0x00000000ed670000)
 PSPermGen       total 65024K, used 64193K [0x00000000e0000000, 0x00000000e3f80000, 0x00000000e8000000)
  object space 65024K, 98% used [0x00000000e0000000,0x00000000e3eb06d0,0x00000000e3f80000)
}
Event: 284628.726 GC heap before
{Heap before GC invocations=10115 (full 31):
 PSYoungGen      total 15616K, used 14848K [0x00000000fa000000, 0x00000000fb000000, 0x0000000100000000)
  eden space 14848K, 100% used [0x00000000fa000000,0x00000000fae80000,0x00000000fae80000)
  from space 768K, 0% used [0x00000000fae80000,0x00000000fae80000,0x00000000faf40000)
  to   space 768K, 0% used [0x00000000faf40000,0x00000000faf40000,0x00000000fb000000)
 ParOldGen       total 248256K, used 248128K [0x00000000e8000000, 0x00000000f7270000, 0x00000000fa000000)
  object space 248256K, 99% used [0x00000000e8000000,0x00000000f7250390,0x00000000f7270000)
 PSPermGen       total 65024K, used 64193K [0x00000000e0000000, 0x00000000e3f80000, 0x00000000e8000000)
  object space 65024K, 98% used [0x00000000e0000000,0x00000000e3eb06d0,0x00000000e3f80000)
Event: 284628.761 GC heap after
Heap after GC invocations=10115 (full 31):
 PSYoungGen      total 15680K, used 416K [0x00000000fa000000, 0x00000000fb000000, 0x0000000100000000)
  eden space 14912K, 0% used [0x00000000fa000000,0x00000000fa000000,0x00000000fae90000)
  from space 768K, 54% used [0x00000000faf40000,0x00000000fafa8000,0x00000000fb000000)
  to   space 704K, 0% used [0x00000000fae90000,0x00000000fae90000,0x00000000faf40000)
 ParOldGen       total 248256K, used 248128K [0x00000000e8000000, 0x00000000f7270000, 0x00000000fa000000)
  object space 248256K, 99% used [0x00000000e8000000,0x00000000f7250390,0x00000000f7270000)
 PSPermGen       total 65024K, used 64193K [0x00000000e0000000, 0x00000000e3f80000, 0x00000000e8000000)
  object space 65024K, 98% used [0x00000000e0000000,0x00000000e3eb06d0,0x00000000e3f80000)
}
Event: 284763.375 GC heap before
{Heap before GC invocations=10116 (full 32):
 PSYoungGen      total 15680K, used 15328K [0x00000000fa000000, 0x00000000fb000000, 0x0000000100000000)
  eden space 14912K, 100% used [0x00000000fa000000,0x00000000fae90000,0x00000000fae90000)
  from space 768K, 54% used [0x00000000faf40000,0x00000000fafa8000,0x00000000fb000000)
  to   space 704K, 0% used [0x00000000fae90000,0x00000000fae90000,0x00000000faf40000)
 ParOldGen       total 294912K, used 294912K [0x00000000e8000000, 0x00000000fa000000, 0x00000000fa000000)
  object space 294912K, 100% used [0x00000000e8000000,0x00000000fa000000,0x00000000fa000000)
 PSPermGen       total 65024K, used 64193K [0x00000000e0000000, 0x00000000e3f80000, 0x00000000e8000000)
  object space 65024K, 98% used [0x00000000e0000000,0x00000000e3eb06d0,0x00000000e3f80000)
Event: 284763.519 GC heap after
Heap after GC invocations=10116 (full 32):
 PSYoungGen      total 15680K, used 0K [0x00000000fa000000, 0x00000000fb000000, 0x0000000100000000)
  eden space 14912K, 0% used [0x00000000fa000000,0x00000000fa000000,0x00000000fae90000)
  from space 768K, 0% used [0x00000000faf40000,0x00000000faf40000,0x00000000fb000000)
  to   space 704K, 0% used [0x00000000fae90000,0x00000000fae90000,0x00000000faf40000)
 ParOldGen       total 87424K, used 55960K [0x00000000e8000000, 0x00000000ed560000, 0x00000000fa000000)
  object space 87424K, 64% used [0x00000000e8000000,0x00000000eb6a6000,0x00000000ed560000)
 PSPermGen       total 65152K, used 64193K [0x00000000e0000000, 0x00000000e3fa0000, 0x00000000e8000000)
  object space 65152K, 98% used [0x00000000e0000000,0x00000000e3eb06d0,0x00000000e3fa0000)
}
Event: 285290.904 GC heap before
{Heap before GC invocations=10117 (full 33):
 PSYoungGen      total 15680K, used 14912K [0x00000000fa000000, 0x00000000fb000000, 0x0000000100000000)
  eden space 14912K, 100% used [0x00000000fa000000,0x00000000fae90000,0x00000000fae90000)
  from space 768K, 0% used [0x00000000faf40000,0x00000000faf40000,0x00000000fb000000)
  to   space 704K, 0% used [0x00000000fae90000,0x00000000fae90000,0x00000000faf40000)
 ParOldGen       total 294912K, used 294911K [0x00000000e8000000, 0x00000000fa000000, 0x00000000fa000000)
  object space 294912K, 99% used [0x00000000e8000000,0x00000000f9fffff8,0x00000000fa000000)
 PSPermGen       total 65152K, used 64193K [0x00000000e0000000, 0x00000000e3fa0000, 0x00000000e8000000)
  object space 65152K, 98% used [0x00000000e0000000,0x00000000e3eb0788,0x00000000e3fa0000)
Event: 285291.052 GC heap after
Heap after GC invocations=10117 (full 33):
 PSYoungGen      total 15680K, used 0K [0x00000000fa000000, 0x00000000fb000000, 0x0000000100000000)
  eden space 14912K, 0% used [0x00000000fa000000,0x00000000fa000000,0x00000000fae90000)
  from space 768K, 0% used [0x00000000faf40000,0x00000000faf40000,0x00000000fb000000)
  to   space 704K, 0% used [0x00000000fae90000,0x00000000fae90000,0x00000000faf40000)
 ParOldGen       total 86400K, used 55951K [0x00000000e8000000, 0x00000000ed460000, 0x00000000fa000000)
  object space 86400K, 64% used [0x00000000e8000000,0x00000000eb6a3e48,0x00000000ed460000)
 PSPermGen       total 65024K, used 64193K [0x00000000e0000000, 0x00000000e3f80000, 0x00000000e8000000)
  object space 65024K, 98% used [0x00000000e0000000,0x00000000e3eb0788,0x00000000e3f80000)
}
Event: 285818.909 GC heap before
{Heap before GC invocations=10118 (full 34):
 PSYoungGen      total 15680K, used 14912K [0x00000000fa000000, 0x00000000fb000000, 0x0000000100000000)
  eden space 14912K, 100% used [0x00000000fa000000,0x00000000fae90000,0x00000000fae90000)
  from space 768K, 0% used [0x00000000faf40000,0x00000000faf40000,0x00000000fb000000)
  to   space 704K, 0% used [0x00000000fae90000,0x00000000fae90000,0x00000000faf40000)
 ParOldGen       total 294912K, used 294912K [0x00000000e8000000, 0x00000000fa000000, 0x00000000fa000000)
  object space 294912K, 100% used [0x00000000e8000000,0x00000000fa000000,0x00000000fa000000)
 PSPermGen       total 65024K, used 64193K [0x00000000e0000000, 0x00000000e3f80000, 0x00000000e8000000)
  object space 65024K, 98% used [0x00000000e0000000,0x00000000e3eb0788,0x00000000e3f80000)
Event: 285819.054 GC heap after
Heap after GC invocations=10118 (full 34):
 PSYoungGen      total 15680K, used 0K [0x00000000fa000000, 0x00000000fb000000, 0x0000000100000000)
  eden space 14912K, 0% used [0x00000000fa000000,0x00000000fa000000,0x00000000fae90000)
  from space 768K, 0% used [0x00000000faf40000,0x00000000faf40000,0x00000000fb000000)
  to   space 704K, 0% used [0x00000000fae90000,0x00000000fae90000,0x00000000faf40000)
 ParOldGen       total 85440K, used 55945K [0x00000000e8000000, 0x00000000ed370000, 0x00000000fa000000)
  object space 85440K, 65% used [0x00000000e8000000,0x00000000eb6a2628,0x00000000ed370000)
 PSPermGen       total 64960K, used 64193K [0x00000000e0000000, 0x00000000e3f70000, 0x00000000e8000000)
  object space 64960K, 98% used [0x00000000e0000000,0x00000000e3eb0788,0x00000000e3f70000)
}

