# JRE version: 7.0_11-b21
# Java VM: Java HotSpot(TM) 64-Bit Server VM (23.6-b04 mixed mode linux-amd64 compressed oops)
Heap
 PSYoungGen      total 14848K, used 13376K [0x00000000fa000000, 0x00000000fb000000, 0x0000000100000000)
  eden space 13376K, 100% used [0x00000000fa000000,0x00000000fad10000,0x00000000fad10000)
  from space 1472K, 0% used [0x00000000fad10000,0x00000000fad10000,0x00000000fae80000)
  to   space 1472K, 0% used [0x00000000fae90000,0x00000000fae90000,0x00000000fb000000)
 ParOldGen       total 202944K, used 202753K [0x00000000e8000000, 0x00000000f4630000, 0x00000000fa000000)
  object space 202944K, 99% used [0x00000000e8000000,0x00000000f4600410,0x00000000f4630000)
 PSPermGen       total 71744K, used 71426K [0x00000000e0000000, 0x00000000e4610000, 0x00000000e8000000)
  object space 71744K, 99% used [0x00000000e0000000,0x00000000e45c0b88,0x00000000e4610000)
GC Heap History (10 events):
Event: 5667798.317 GC heap before
{Heap before GC invocations=175502 (full 284):
 PSYoungGen      total 14720K, used 13472K [0x00000000fa000000, 0x00000000fb000000, 0x0000000100000000)
  eden space 13120K, 100% used [0x00000000fa000000,0x00000000facd0000,0x00000000facd0000)
  from space 1600K, 22% used [0x00000000facd0000,0x00000000fad28000,0x00000000fae60000)
  to   space 1600K, 0% used [0x00000000fae70000,0x00000000fae70000,0x00000000fb000000)
 ParOldGen       total 96960K, used 90539K [0x00000000e8000000, 0x00000000edeb0000, 0x00000000fa000000)
  object space 96960K, 93% used [0x00000000e8000000,0x00000000ed86ada8,0x00000000edeb0000)
 PSPermGen       total 71744K, used 71426K [0x00000000e0000000, 0x00000000e4610000, 0x00000000e8000000)
  object space 71744K, 99% used [0x00000000e0000000,0x00000000e45c0b88,0x00000000e4610000)
Event: 5667798.322 GC heap after
Heap after GC invocations=175502 (full 284):
 PSYoungGen      total 14784K, used 288K [0x00000000fa000000, 0x00000000fb000000, 0x0000000100000000)
  eden space 13184K, 0% used [0x00000000fa000000,0x00000000fa000000,0x00000000face0000)
  from space 1600K, 18% used [0x00000000fae70000,0x00000000faeb8000,0x00000000fb000000)
  to   space 1600K, 0% used [0x00000000face0000,0x00000000face0000,0x00000000fae70000)
 ParOldGen       total 96960K, used 90539K [0x00000000e8000000, 0x00000000edeb0000, 0x00000000fa000000)
  object space 96960K, 93% used [0x00000000e8000000,0x00000000ed86ada8,0x00000000edeb0000)
 PSPermGen       total 71744K, used 71426K [0x00000000e0000000, 0x00000000e4610000, 0x00000000e8000000)
  object space 71744K, 99% used [0x00000000e0000000,0x00000000e45c0b88,0x00000000e4610000)
}
Event: 5667814.269 GC heap before
{Heap before GC invocations=175503 (full 284):
 PSYoungGen      total 14784K, used 13472K [0x00000000fa000000, 0x00000000fb000000, 0x0000000100000000)
  eden space 13184K, 100% used [0x00000000fa000000,0x00000000face0000,0x00000000face0000)
  from space 1600K, 18% used [0x00000000fae70000,0x00000000faeb8000,0x00000000fb000000)
  to   space 1600K, 0% used [0x00000000face0000,0x00000000face0000,0x00000000fae70000)
 ParOldGen       total 96960K, used 90539K [0x00000000e8000000, 0x00000000edeb0000, 0x00000000fa000000)
  object space 96960K, 93% used [0x00000000e8000000,0x00000000ed86ada8,0x00000000edeb0000)
 PSPermGen       total 71744K, used 71426K [0x00000000e0000000, 0x00000000e4610000, 0x00000000e8000000)
  object space 71744K, 99% used [0x00000000e0000000,0x00000000e45c0b88,0x00000000e4610000)
Event: 5667814.274 GC heap after
Heap after GC invocations=175503 (full 284):
 PSYoungGen      total 14784K, used 544K [0x00000000fa000000, 0x00000000fb000000, 0x0000000100000000)
  eden space 13184K, 0% used [0x00000000fa000000,0x00000000fa000000,0x00000000face0000)
  from space 1600K, 34% used [0x00000000face0000,0x00000000fad68000,0x00000000fae70000)
  to   space 1536K, 0% used [0x00000000fae80000,0x00000000fae80000,0x00000000fb000000)
 ParOldGen       total 96960K, used 90539K [0x00000000e8000000, 0x00000000edeb0000, 0x00000000fa000000)
  object space 96960K, 93% used [0x00000000e8000000,0x00000000ed86ada8,0x00000000edeb0000)
 PSPermGen       total 71744K, used 71426K [0x00000000e0000000, 0x00000000e4610000, 0x00000000e8000000)
  object space 71744K, 99% used [0x00000000e0000000,0x00000000e45c0b88,0x00000000e4610000)
}
Event: 5667833.010 GC heap before
{Heap before GC invocations=175504 (full 284):
 PSYoungGen      total 14784K, used 13728K [0x00000000fa000000, 0x00000000fb000000, 0x0000000100000000)
  eden space 13184K, 100% used [0x00000000fa000000,0x00000000face0000,0x00000000face0000)
  from space 1600K, 34% used [0x00000000face0000,0x00000000fad68000,0x00000000fae70000)
  to   space 1536K, 0% used [0x00000000fae80000,0x00000000fae80000,0x00000000fb000000)
 ParOldGen       total 96960K, used 91883K [0x00000000e8000000, 0x00000000edeb0000, 0x00000000fa000000)
  object space 96960K, 94% used [0x00000000e8000000,0x00000000ed9bad10,0x00000000edeb0000)
 PSPermGen       total 71744K, used 71426K [0x00000000e0000000, 0x00000000e4610000, 0x00000000e8000000)
  object space 71744K, 99% used [0x00000000e0000000,0x00000000e45c0b88,0x00000000e4610000)
Event: 5667833.016 GC heap after
Heap after GC invocations=175504 (full 284):
 PSYoungGen      total 14912K, used 768K [0x00000000fa000000, 0x00000000fb000000, 0x0000000100000000)
  eden space 13376K, 0% used [0x00000000fa000000,0x00000000fa000000,0x00000000fad10000)
  from space 1536K, 50% used [0x00000000fae80000,0x00000000faf40000,0x00000000fb000000)
  to   space 1472K, 0% used [0x00000000fad10000,0x00000000fad10000,0x00000000fae80000)
 ParOldGen       total 96960K, used 91883K [0x00000000e8000000, 0x00000000edeb0000, 0x00000000fa000000)
  object space 96960K, 94% used [0x00000000e8000000,0x00000000ed9bad10,0x00000000edeb0000)
 PSPermGen       total 71744K, used 71426K [0x00000000e0000000, 0x00000000e4610000, 0x00000000e8000000)
  object space 71744K, 99% used [0x00000000e0000000,0x00000000e45c0b88,0x00000000e4610000)
}
Event: 5667849.057 GC heap before
{Heap before GC invocations=175505 (full 284):
 PSYoungGen      total 14912K, used 14144K [0x00000000fa000000, 0x00000000fb000000, 0x0000000100000000)
  eden space 13376K, 100% used [0x00000000fa000000,0x00000000fad10000,0x00000000fad10000)
  from space 1536K, 50% used [0x00000000fae80000,0x00000000faf40000,0x00000000fb000000)
  to   space 1472K, 0% used [0x00000000fad10000,0x00000000fad10000,0x00000000fae80000)
 ParOldGen       total 96960K, used 94689K [0x00000000e8000000, 0x00000000edeb0000, 0x00000000fa000000)
  object space 96960K, 97% used [0x00000000e8000000,0x00000000edc785e8,0x00000000edeb0000)
 PSPermGen       total 71744K, used 71426K [0x00000000e0000000, 0x00000000e4610000, 0x00000000e8000000)
  object space 71744K, 99% used [0x00000000e0000000,0x00000000e45c0b88,0x00000000e4610000)
Event: 5667849.063 GC heap after
Heap after GC invocations=175505 (full 284):
 PSYoungGen      total 14848K, used 850K [0x00000000fa000000, 0x00000000fb000000, 0x0000000100000000)
  eden space 13376K, 0% used [0x00000000fa000000,0x00000000fa000000,0x00000000fad10000)
  from space 1472K, 57% used [0x00000000fad10000,0x00000000fade4820,0x00000000fae80000)
  to   space 1472K, 0% used [0x00000000fae90000,0x00000000fae90000,0x00000000fb000000)
 ParOldGen       total 96960K, used 94689K [0x00000000e8000000, 0x00000000edeb0000, 0x00000000fa000000)
  object space 96960K, 97% used [0x00000000e8000000,0x00000000edc785e8,0x00000000edeb0000)
 PSPermGen       total 71744K, used 71426K [0x00000000e0000000, 0x00000000e4610000, 0x00000000e8000000)
  object space 71744K, 99% used [0x00000000e0000000,0x00000000e45c0b88,0x00000000e4610000)
}
Event: 5668271.632 GC heap before
{Heap before GC invocations=175506 (full 285):
 PSYoungGen      total 14848K, used 14226K [0x00000000fa000000, 0x00000000fb000000, 0x0000000100000000)
  eden space 13376K, 100% used [0x00000000fa000000,0x00000000fad10000,0x00000000fad10000)
  from space 1472K, 57% used [0x00000000fad10000,0x00000000fade4820,0x00000000fae80000)
  to   space 1472K, 0% used [0x00000000fae90000,0x00000000fae90000,0x00000000fb000000)
 ParOldGen       total 294912K, used 294911K [0x00000000e8000000, 0x00000000fa000000, 0x00000000fa000000)
  object space 294912K, 99% used [0x00000000e8000000,0x00000000f9fffff8,0x00000000fa000000)
 PSPermGen       total 71744K, used 71426K [0x00000000e0000000, 0x00000000e4610000, 0x00000000e8000000)
  object space 71744K, 99% used [0x00000000e0000000,0x00000000e45c0b88,0x00000000e4610000)
Event: 5668271.816 GC heap after
Heap after GC invocations=175506 (full 285):
 PSYoungGen      total 14848K, used 0K [0x00000000fa000000, 0x00000000fb000000, 0x0000000100000000)
  eden space 13376K, 0% used [0x00000000fa000000,0x00000000fa000000,0x00000000fad10000)
  from space 1472K, 0% used [0x00000000fad10000,0x00000000fad10000,0x00000000fae80000)
  to   space 1472K, 0% used [0x00000000fae90000,0x00000000fae90000,0x00000000fb000000)
 ParOldGen       total 96960K, used 90617K [0x00000000e8000000, 0x00000000edeb0000, 0x00000000fa000000)
  object space 96960K, 93% used [0x00000000e8000000,0x00000000ed87e6a8,0x00000000edeb0000)
 PSPermGen       total 71744K, used 71426K [0x00000000e0000000, 0x00000000e4610000, 0x00000000e8000000)
  object space 71744K, 99% used [0x00000000e0000000,0x00000000e45c0b88,0x00000000e4610000)
}

