# JRE version: 7.0_11-b21
# Java VM: Java HotSpot(TM) 64-Bit Server VM (23.6-b04 mixed mode linux-amd64 compressed oops)
Heap
 PSYoungGen      total 15424K, used 14464K [0x00000000fa000000, 0x00000000fb000000, 0x0000000100000000)
  eden space 14464K, 100% used [0x00000000fa000000,0x00000000fae20000,0x00000000fae20000)
  from space 960K, 0% used [0x00000000faf10000,0x00000000faf10000,0x00000000fb000000)
  to   space 960K, 0% used [0x00000000fae20000,0x00000000fae20000,0x00000000faf10000)
 ParOldGen       total 112832K, used 112645K [0x00000000e8000000, 0x00000000eee30000, 0x00000000fa000000)
  object space 112832K, 99% used [0x00000000e8000000,0x00000000eee01460,0x00000000eee30000)
 PSPermGen       total 71360K, used 71059K [0x00000000e0000000, 0x00000000e45b0000, 0x00000000e8000000)
  object space 71360K, 99% used [0x00000000e0000000,0x00000000e4564c28,0x00000000e45b0000)
GC Heap History (10 events):
Event: 2546585.952 GC heap before
{Heap before GC invocations=83730 (full 60):
 PSYoungGen      total 15424K, used 14464K [0x00000000fa000000, 0x00000000fb000000, 0x0000000100000000)
  eden space 14464K, 100% used [0x00000000fa000000,0x00000000fae20000,0x00000000fae20000)
  from space 960K, 0% used [0x00000000faf10000,0x00000000faf10000,0x00000000fb000000)
  to   space 960K, 0% used [0x00000000fae20000,0x00000000fae20000,0x00000000faf10000)
 ParOldGen       total 294912K, used 294911K [0x00000000e8000000, 0x00000000fa000000, 0x00000000fa000000)
  object space 294912K, 99% used [0x00000000e8000000,0x00000000f9fffff8,0x00000000fa000000)
 PSPermGen       total 71168K, used 71059K [0x00000000e0000000, 0x00000000e4580000, 0x00000000e8000000)
  object space 71168K, 99% used [0x00000000e0000000,0x00000000e4564c28,0x00000000e4580000)
Event: 2546586.111 GC heap after
Heap after GC invocations=83730 (full 60):
 PSYoungGen      total 15424K, used 0K [0x00000000fa000000, 0x00000000fb000000, 0x0000000100000000)
  eden space 14464K, 0% used [0x00000000fa000000,0x00000000fa000000,0x00000000fae20000)
  from space 960K, 0% used [0x00000000faf10000,0x00000000faf10000,0x00000000fb000000)
  to   space 960K, 0% used [0x00000000fae20000,0x00000000fae20000,0x00000000faf10000)
 ParOldGen       total 67712K, used 58726K [0x00000000e8000000, 0x00000000ec220000, 0x00000000fa000000)
  object space 67712K, 86% used [0x00000000e8000000,0x00000000eb9599e0,0x00000000ec220000)
 PSPermGen       total 71360K, used 71059K [0x00000000e0000000, 0x00000000e45b0000, 0x00000000e8000000)
  object space 71360K, 99% used [0x00000000e0000000,0x00000000e4564c28,0x00000000e45b0000)
}
Event: 2546665.360 GC heap before
{Heap before GC invocations=83731 (full 61):
 PSYoungGen      total 15424K, used 14464K [0x00000000fa000000, 0x00000000fb000000, 0x0000000100000000)
  eden space 14464K, 100% used [0x00000000fa000000,0x00000000fae20000,0x00000000fae20000)
  from space 960K, 0% used [0x00000000faf10000,0x00000000faf10000,0x00000000fb000000)
  to   space 960K, 0% used [0x00000000fae20000,0x00000000fae20000,0x00000000faf10000)
 ParOldGen       total 84032K, used 83969K [0x00000000e8000000, 0x00000000ed210000, 0x00000000fa000000)
  object space 84032K, 99% used [0x00000000e8000000,0x00000000ed2007d8,0x00000000ed210000)
 PSPermGen       total 71360K, used 71059K [0x00000000e0000000, 0x00000000e45b0000, 0x00000000e8000000)
  object space 71360K, 99% used [0x00000000e0000000,0x00000000e4564c28,0x00000000e45b0000)
Event: 2546665.503 GC heap after
Heap after GC invocations=83731 (full 61):
 PSYoungGen      total 15424K, used 0K [0x00000000fa000000, 0x00000000fb000000, 0x0000000100000000)
  eden space 14464K, 0% used [0x00000000fa000000,0x00000000fa000000,0x00000000fae20000)
  from space 960K, 0% used [0x00000000faf10000,0x00000000faf10000,0x00000000fb000000)
  to   space 960K, 0% used [0x00000000fae20000,0x00000000fae20000,0x00000000faf10000)
 ParOldGen       total 67456K, used 58604K [0x00000000e8000000, 0x00000000ec1e0000, 0x00000000fa000000)
  object space 67456K, 86% used [0x00000000e8000000,0x00000000eb93b298,0x00000000ec1e0000)
 PSPermGen       total 71360K, used 71059K [0x00000000e0000000, 0x00000000e45b0000, 0x00000000e8000000)
  object space 71360K, 99% used [0x00000000e0000000,0x00000000e4564c28,0x00000000e45b0000)
}
Event: 2546784.734 GC heap before
{Heap before GC invocations=83732 (full 62):
 PSYoungGen      total 15424K, used 14464K [0x00000000fa000000, 0x00000000fb000000, 0x0000000100000000)
  eden space 14464K, 100% used [0x00000000fa000000,0x00000000fae20000,0x00000000fae20000)
  from space 960K, 0% used [0x00000000faf10000,0x00000000faf10000,0x00000000fb000000)
  to   space 960K, 0% used [0x00000000fae20000,0x00000000fae20000,0x00000000faf10000)
 ParOldGen       total 100288K, used 100277K [0x00000000e8000000, 0x00000000ee1f0000, 0x00000000fa000000)
  object space 100288K, 99% used [0x00000000e8000000,0x00000000ee1ed448,0x00000000ee1f0000)
 PSPermGen       total 71360K, used 71059K [0x00000000e0000000, 0x00000000e45b0000, 0x00000000e8000000)
  object space 71360K, 99% used [0x00000000e0000000,0x00000000e4564c28,0x00000000e45b0000)
Event: 2546784.875 GC heap after
Heap after GC invocations=83732 (full 62):
 PSYoungGen      total 15424K, used 0K [0x00000000fa000000, 0x00000000fb000000, 0x0000000100000000)
  eden space 14464K, 0% used [0x00000000fa000000,0x00000000fa000000,0x00000000fae20000)
  from space 960K, 0% used [0x00000000faf10000,0x00000000faf10000,0x00000000fb000000)
  to   space 960K, 0% used [0x00000000fae20000,0x00000000fae20000,0x00000000faf10000)
 ParOldGen       total 67328K, used 58608K [0x00000000e8000000, 0x00000000ec1c0000, 0x00000000fa000000)
  object space 67328K, 87% used [0x00000000e8000000,0x00000000eb93c158,0x00000000ec1c0000)
 PSPermGen       total 71360K, used 71059K [0x00000000e0000000, 0x00000000e45b0000, 0x00000000e8000000)
  object space 71360K, 99% used [0x00000000e0000000,0x00000000e4564c28,0x00000000e45b0000)
}
Event: 2547251.855 GC heap before
{Heap before GC invocations=83733 (full 63):
 PSYoungGen      total 15424K, used 14464K [0x00000000fa000000, 0x00000000fb000000, 0x0000000100000000)
  eden space 14464K, 100% used [0x00000000fa000000,0x00000000fae20000,0x00000000fae20000)
  from space 960K, 0% used [0x00000000faf10000,0x00000000faf10000,0x00000000fb000000)
  to   space 960K, 0% used [0x00000000fae20000,0x00000000fae20000,0x00000000faf10000)
 ParOldGen       total 263168K, used 263055K [0x00000000e8000000, 0x00000000f8100000, 0x00000000fa000000)
  object space 263168K, 99% used [0x00000000e8000000,0x00000000f80e3de0,0x00000000f8100000)
 PSPermGen       total 71360K, used 71059K [0x00000000e0000000, 0x00000000e45b0000, 0x00000000e8000000)
  object space 71360K, 99% used [0x00000000e0000000,0x00000000e4564c28,0x00000000e45b0000)
Event: 2547252.010 GC heap after
Heap after GC invocations=83733 (full 63):
 PSYoungGen      total 15424K, used 0K [0x00000000fa000000, 0x00000000fb000000, 0x0000000100000000)
  eden space 14464K, 0% used [0x00000000fa000000,0x00000000fa000000,0x00000000fae20000)
  from space 960K, 0% used [0x00000000faf10000,0x00000000faf10000,0x00000000fb000000)
  to   space 960K, 0% used [0x00000000fae20000,0x00000000fae20000,0x00000000faf10000)
 ParOldGen       total 67264K, used 58623K [0x00000000e8000000, 0x00000000ec1b0000, 0x00000000fa000000)
  object space 67264K, 87% used [0x00000000e8000000,0x00000000eb93fee0,0x00000000ec1b0000)
 PSPermGen       total 71360K, used 71059K [0x00000000e0000000, 0x00000000e45b0000, 0x00000000e8000000)
  object space 71360K, 99% used [0x00000000e0000000,0x00000000e4564c28,0x00000000e45b0000)
}
Event: 2547468.355 GC heap before
{Heap before GC invocations=83734 (full 64):
 PSYoungGen      total 15424K, used 14464K [0x00000000fa000000, 0x00000000fb000000, 0x0000000100000000)
  eden space 14464K, 100% used [0x00000000fa000000,0x00000000fae20000,0x00000000fae20000)
  from space 960K, 0% used [0x00000000faf10000,0x00000000faf10000,0x00000000fb000000)
  to   space 960K, 0% used [0x00000000fae20000,0x00000000fae20000,0x00000000faf10000)
 ParOldGen       total 145216K, used 145203K [0x00000000e8000000, 0x00000000f0dd0000, 0x00000000fa000000)
  object space 145216K, 99% used [0x00000000e8000000,0x00000000f0dccce0,0x00000000f0dd0000)
 PSPermGen       total 71360K, used 71059K [0x00000000e0000000, 0x00000000e45b0000, 0x00000000e8000000)
  object space 71360K, 99% used [0x00000000e0000000,0x00000000e4564c28,0x00000000e45b0000)
Event: 2547468.496 GC heap after
Heap after GC invocations=83734 (full 64):
 PSYoungGen      total 15424K, used 0K [0x00000000fa000000, 0x00000000fb000000, 0x0000000100000000)
  eden space 14464K, 0% used [0x00000000fa000000,0x00000000fa000000,0x00000000fae20000)
  from space 960K, 0% used [0x00000000faf10000,0x00000000faf10000,0x00000000fb000000)
  to   space 960K, 0% used [0x00000000fae20000,0x00000000fae20000,0x00000000faf10000)
 ParOldGen       total 67136K, used 58633K [0x00000000e8000000, 0x00000000ec190000, 0x00000000fa000000)
  object space 67136K, 87% used [0x00000000e8000000,0x00000000eb942470,0x00000000ec190000)
 PSPermGen       total 71360K, used 71059K [0x00000000e0000000, 0x00000000e45b0000, 0x00000000e8000000)
  object space 71360K, 99% used [0x00000000e0000000,0x00000000e4564c28,0x00000000e45b0000)
}

