# JRE version: 7.0_11-b21
# Java VM: Java HotSpot(TM) 64-Bit Server VM (23.6-b04 mixed mode linux-amd64 compressed oops)
Heap
 PSYoungGen      total 14528K, used 13152K [0x00000000fa000000, 0x00000000fb000000, 0x0000000100000000)
  eden space 12608K, 100% used [0x00000000fa000000,0x00000000fac50000,0x00000000fac50000)
  from space 1920K, 28% used [0x00000000fae20000,0x00000000faea8000,0x00000000fb000000)
  to   space 1856K, 0% used [0x00000000fac50000,0x00000000fac50000,0x00000000fae20000)
 ParOldGen       total 88256K, used 88068K [0x00000000e8000000, 0x00000000ed630000, 0x00000000fa000000)
  object space 88256K, 99% used [0x00000000e8000000,0x00000000ed601268,0x00000000ed630000)
 PSPermGen       total 79872K, used 60063K [0x00000000e0000000, 0x00000000e4e00000, 0x00000000e8000000)
  object space 79872K, 75% used [0x00000000e0000000,0x00000000e3aa7dc8,0x00000000e4e00000)
GC Heap History (10 events):
Event: 8585.368 GC heap before
{Heap before GC invocations=296 (full 12):
 PSYoungGen      total 13376K, used 13330K [0x00000000fa000000, 0x00000000fb000000, 0x0000000100000000)
  eden space 12224K, 100% used [0x00000000fa000000,0x00000000fabf0000,0x00000000fabf0000)
  from space 1152K, 96% used [0x00000000fabf0000,0x00000000fad04820,0x00000000fad10000)
  to   space 2112K, 0% used [0x00000000fadf0000,0x00000000fadf0000,0x00000000fb000000)
 ParOldGen       total 70208K, used 40762K [0x00000000e8000000, 0x00000000ec490000, 0x00000000fa000000)
  object space 70208K, 58% used [0x00000000e8000000,0x00000000ea7cea20,0x00000000ec490000)
 PSPermGen       total 79872K, used 59964K [0x00000000e0000000, 0x00000000e4e00000, 0x00000000e8000000)
  object space 79872K, 75% used [0x00000000e0000000,0x00000000e3a8f0a8,0x00000000e4e00000)
Event: 8585.372 GC heap after
Heap after GC invocations=296 (full 12):
 PSYoungGen      total 14336K, used 1106K [0x00000000fa000000, 0x00000000fb000000, 0x0000000100000000)
  eden space 12224K, 0% used [0x00000000fa000000,0x00000000fa000000,0x00000000fabf0000)
  from space 2112K, 52% used [0x00000000fadf0000,0x00000000faf04820,0x00000000fb000000)
  to   space 2048K, 0% used [0x00000000fabf0000,0x00000000fabf0000,0x00000000fadf0000)
 ParOldGen       total 70208K, used 40956K [0x00000000e8000000, 0x00000000ec490000, 0x00000000fa000000)
  object space 70208K, 58% used [0x00000000e8000000,0x00000000ea7ff240,0x00000000ec490000)
 PSPermGen       total 79872K, used 59964K [0x00000000e0000000, 0x00000000e4e00000, 0x00000000e8000000)
  object space 79872K, 75% used [0x00000000e0000000,0x00000000e3a8f0a8,0x00000000e4e00000)
}
Event: 8586.885 GC heap before
{Heap before GC invocations=297 (full 12):
 PSYoungGen      total 14336K, used 13330K [0x00000000fa000000, 0x00000000fb000000, 0x0000000100000000)
  eden space 12224K, 100% used [0x00000000fa000000,0x00000000fabf0000,0x00000000fabf0000)
  from space 2112K, 52% used [0x00000000fadf0000,0x00000000faf04820,0x00000000fb000000)
  to   space 2048K, 0% used [0x00000000fabf0000,0x00000000fabf0000,0x00000000fadf0000)
 ParOldGen       total 70208K, used 40956K [0x00000000e8000000, 0x00000000ec490000, 0x00000000fa000000)
  object space 70208K, 58% used [0x00000000e8000000,0x00000000ea7ff240,0x00000000ec490000)
 PSPermGen       total 79872K, used 59964K [0x00000000e0000000, 0x00000000e4e00000, 0x00000000e8000000)
  object space 79872K, 75% used [0x00000000e0000000,0x00000000e3a8f0a8,0x00000000e4e00000)
Event: 8586.889 GC heap after
Heap after GC invocations=297 (full 12):
 PSYoungGen      total 14272K, used 768K [0x00000000fa000000, 0x00000000fb000000, 0x0000000100000000)
  eden space 12224K, 0% used [0x00000000fa000000,0x00000000fa000000,0x00000000fabf0000)
  from space 2048K, 37% used [0x00000000fabf0000,0x00000000facb0000,0x00000000fadf0000)
  to   space 1984K, 0% used [0x00000000fae10000,0x00000000fae10000,0x00000000fb000000)
 ParOldGen       total 70208K, used 41296K [0x00000000e8000000, 0x00000000ec490000, 0x00000000fa000000)
  object space 70208K, 58% used [0x00000000e8000000,0x00000000ea854280,0x00000000ec490000)
 PSPermGen       total 79872K, used 59964K [0x00000000e0000000, 0x00000000e4e00000, 0x00000000e8000000)
  object space 79872K, 75% used [0x00000000e0000000,0x00000000e3a8f0a8,0x00000000e4e00000)
}
Event: 8587.433 GC heap before
{Heap before GC invocations=298 (full 12):
 PSYoungGen      total 14272K, used 12992K [0x00000000fa000000, 0x00000000fb000000, 0x0000000100000000)
  eden space 12224K, 100% used [0x00000000fa000000,0x00000000fabf0000,0x00000000fabf0000)
  from space 2048K, 37% used [0x00000000fabf0000,0x00000000facb0000,0x00000000fadf0000)
  to   space 1984K, 0% used [0x00000000fae10000,0x00000000fae10000,0x00000000fb000000)
 ParOldGen       total 70208K, used 41296K [0x00000000e8000000, 0x00000000ec490000, 0x00000000fa000000)
  object space 70208K, 58% used [0x00000000e8000000,0x00000000ea854280,0x00000000ec490000)
 PSPermGen       total 79872K, used 59964K [0x00000000e0000000, 0x00000000e4e00000, 0x00000000e8000000)
  object space 79872K, 75% used [0x00000000e0000000,0x00000000e3a8f0a8,0x00000000e4e00000)
Event: 8587.436 GC heap after
Heap after GC invocations=298 (full 12):
 PSYoungGen      total 14464K, used 544K [0x00000000fa000000, 0x00000000fb000000, 0x0000000100000000)
  eden space 12480K, 0% used [0x00000000fa000000,0x00000000fa000000,0x00000000fac30000)
  from space 1984K, 27% used [0x00000000fae10000,0x00000000fae98000,0x00000000fb000000)
  to   space 1920K, 0% used [0x00000000fac30000,0x00000000fac30000,0x00000000fae10000)
 ParOldGen       total 70208K, used 41498K [0x00000000e8000000, 0x00000000ec490000, 0x00000000fa000000)
  object space 70208K, 59% used [0x00000000e8000000,0x00000000ea886aa0,0x00000000ec490000)
 PSPermGen       total 79872K, used 59964K [0x00000000e0000000, 0x00000000e4e00000, 0x00000000e8000000)
  object space 79872K, 75% used [0x00000000e0000000,0x00000000e3a8f0a8,0x00000000e4e00000)
}
Event: 8591.139 GC heap before
{Heap before GC invocations=299 (full 12):
 PSYoungGen      total 14464K, used 13024K [0x00000000fa000000, 0x00000000fb000000, 0x0000000100000000)
  eden space 12480K, 100% used [0x00000000fa000000,0x00000000fac30000,0x00000000fac30000)
  from space 1984K, 27% used [0x00000000fae10000,0x00000000fae98000,0x00000000fb000000)
  to   space 1920K, 0% used [0x00000000fac30000,0x00000000fac30000,0x00000000fae10000)
 ParOldGen       total 70208K, used 41498K [0x00000000e8000000, 0x00000000ec490000, 0x00000000fa000000)
  object space 70208K, 59% used [0x00000000e8000000,0x00000000ea886aa0,0x00000000ec490000)
 PSPermGen       total 79872K, used 60063K [0x00000000e0000000, 0x00000000e4e00000, 0x00000000e8000000)
  object space 79872K, 75% used [0x00000000e0000000,0x00000000e3aa7dc8,0x00000000e4e00000)
Event: 8591.143 GC heap after
Heap after GC invocations=299 (full 12):
 PSYoungGen      total 14400K, used 544K [0x00000000fa000000, 0x00000000fb000000, 0x0000000100000000)
  eden space 12480K, 0% used [0x00000000fa000000,0x00000000fa000000,0x00000000fac30000)
  from space 1920K, 28% used [0x00000000fac30000,0x00000000facb8000,0x00000000fae10000)
  to   space 1920K, 0% used [0x00000000fae20000,0x00000000fae20000,0x00000000fb000000)
 ParOldGen       total 70208K, used 41506K [0x00000000e8000000, 0x00000000ec490000, 0x00000000fa000000)
  object space 70208K, 59% used [0x00000000e8000000,0x00000000ea888aa0,0x00000000ec490000)
 PSPermGen       total 79872K, used 60063K [0x00000000e0000000, 0x00000000e4e00000, 0x00000000e8000000)
  object space 79872K, 75% used [0x00000000e0000000,0x00000000e3aa7dc8,0x00000000e4e00000)
}
Event: 8667.126 GC heap before
{Heap before GC invocations=300 (full 12):
 PSYoungGen      total 14400K, used 13024K [0x00000000fa000000, 0x00000000fb000000, 0x0000000100000000)
  eden space 12480K, 100% used [0x00000000fa000000,0x00000000fac30000,0x00000000fac30000)
  from space 1920K, 28% used [0x00000000fac30000,0x00000000facb8000,0x00000000fae10000)
  to   space 1920K, 0% used [0x00000000fae20000,0x00000000fae20000,0x00000000fb000000)
 ParOldGen       total 70208K, used 62196K [0x00000000e8000000, 0x00000000ec490000, 0x00000000fa000000)
  object space 70208K, 88% used [0x00000000e8000000,0x00000000ebcbd140,0x00000000ec490000)
 PSPermGen       total 79872K, used 60063K [0x00000000e0000000, 0x00000000e4e00000, 0x00000000e8000000)
  object space 79872K, 75% used [0x00000000e0000000,0x00000000e3aa7dc8,0x00000000e4e00000)
Event: 8667.135 GC heap after
Heap after GC invocations=300 (full 12):
 PSYoungGen      total 14528K, used 544K [0x00000000fa000000, 0x00000000fb000000, 0x0000000100000000)
  eden space 12608K, 0% used [0x00000000fa000000,0x00000000fa000000,0x00000000fac50000)
  from space 1920K, 28% used [0x00000000fae20000,0x00000000faea8000,0x00000000fb000000)
  to   space 1856K, 0% used [0x00000000fac50000,0x00000000fac50000,0x00000000fae20000)
 ParOldGen       total 70208K, used 62204K [0x00000000e8000000, 0x00000000ec490000, 0x00000000fa000000)
  object space 70208K, 88% used [0x00000000e8000000,0x00000000ebcbf140,0x00000000ec490000)
 PSPermGen       total 79872K, used 60063K [0x00000000e0000000, 0x00000000e4e00000, 0x00000000e8000000)
  object space 79872K, 75% used [0x00000000e0000000,0x00000000e3aa7dc8,0x00000000e4e00000)
}

