# JRE version: 7.0_11-b21
# Java VM: Java HotSpot(TM) 64-Bit Server VM (23.6-b04 mixed mode linux-amd64 compressed oops)
Heap
 PSYoungGen      total 14912K, used 13440K [0x00000000fa000000, 0x00000000fb000000, 0x0000000100000000)
  eden space 13440K, 100% used [0x00000000fa000000,0x00000000fad20000,0x00000000fad20000)
  from space 1472K, 0% used [0x00000000fae90000,0x00000000fae90000,0x00000000fb000000)
  to   space 1472K, 0% used [0x00000000fad20000,0x00000000fad20000,0x00000000fae90000)
 ParOldGen       total 73920K, used 73728K [0x00000000e8000000, 0x00000000ec830000, 0x00000000fa000000)
  object space 73920K, 99% used [0x00000000e8000000,0x00000000ec800390,0x00000000ec830000)
 PSPermGen       total 75840K, used 75552K [0x00000000e0000000, 0x00000000e4a10000, 0x00000000e8000000)
  object space 75840K, 99% used [0x00000000e0000000,0x00000000e49c82b8,0x00000000e4a10000)
GC Heap History (10 events):
Event: 2987913.431 GC heap before
{Heap before GC invocations=71430 (full 222):
 PSYoungGen      total 14912K, used 13856K [0x00000000fa000000, 0x00000000fb000000, 0x0000000100000000)
  eden space 13568K, 100% used [0x00000000fa000000,0x00000000fad40000,0x00000000fad40000)
  from space 1344K, 21% used [0x00000000faeb0000,0x00000000faef8000,0x00000000fb000000)
  to   space 1408K, 0% used [0x00000000fad40000,0x00000000fad40000,0x00000000faea0000)
 ParOldGen       total 107520K, used 107496K [0x00000000e8000000, 0x00000000ee900000, 0x00000000fa000000)
  object space 107520K, 99% used [0x00000000e8000000,0x00000000ee8fa3f8,0x00000000ee900000)
 PSPermGen       total 75840K, used 75552K [0x00000000e0000000, 0x00000000e4a10000, 0x00000000e8000000)
  object space 75840K, 99% used [0x00000000e0000000,0x00000000e49c82b8,0x00000000e4a10000)
Event: 2987913.587 GC heap after
Heap after GC invocations=71430 (full 222):
 PSYoungGen      total 14912K, used 0K [0x00000000fa000000, 0x00000000fb000000, 0x0000000100000000)
  eden space 13568K, 0% used [0x00000000fa000000,0x00000000fa000000,0x00000000fad40000)
  from space 1344K, 0% used [0x00000000faeb0000,0x00000000faeb0000,0x00000000fb000000)
  to   space 1408K, 0% used [0x00000000fad40000,0x00000000fad40000,0x00000000faea0000)
 ParOldGen       total 71616K, used 66806K [0x00000000e8000000, 0x00000000ec5f0000, 0x00000000fa000000)
  object space 71616K, 93% used [0x00000000e8000000,0x00000000ec13dba0,0x00000000ec5f0000)
 PSPermGen       total 75840K, used 75552K [0x00000000e0000000, 0x00000000e4a10000, 0x00000000e8000000)
  object space 75840K, 99% used [0x00000000e0000000,0x00000000e49c82b8,0x00000000e4a10000)
}
Event: 2988061.514 GC heap before
{Heap before GC invocations=71431 (full 223):
 PSYoungGen      total 14912K, used 13568K [0x00000000fa000000, 0x00000000fb000000, 0x0000000100000000)
  eden space 13568K, 100% used [0x00000000fa000000,0x00000000fad40000,0x00000000fad40000)
  from space 1344K, 0% used [0x00000000faeb0000,0x00000000faeb0000,0x00000000fb000000)
  to   space 1408K, 0% used [0x00000000fad40000,0x00000000fad40000,0x00000000faea0000)
 ParOldGen       total 118656K, used 118619K [0x00000000e8000000, 0x00000000ef3e0000, 0x00000000fa000000)
  object space 118656K, 99% used [0x00000000e8000000,0x00000000ef3d6df0,0x00000000ef3e0000)
 PSPermGen       total 75840K, used 75552K [0x00000000e0000000, 0x00000000e4a10000, 0x00000000e8000000)
  object space 75840K, 99% used [0x00000000e0000000,0x00000000e49c82b8,0x00000000e4a10000)
Event: 2988061.670 GC heap after
Heap after GC invocations=71431 (full 223):
 PSYoungGen      total 14912K, used 0K [0x00000000fa000000, 0x00000000fb000000, 0x0000000100000000)
  eden space 13568K, 0% used [0x00000000fa000000,0x00000000fa000000,0x00000000fad40000)
  from space 1344K, 0% used [0x00000000faeb0000,0x00000000faeb0000,0x00000000fb000000)
  to   space 1408K, 0% used [0x00000000fad40000,0x00000000fad40000,0x00000000faea0000)
 ParOldGen       total 71616K, used 66811K [0x00000000e8000000, 0x00000000ec5f0000, 0x00000000fa000000)
  object space 71616K, 93% used [0x00000000e8000000,0x00000000ec13ece0,0x00000000ec5f0000)
 PSPermGen       total 75840K, used 75552K [0x00000000e0000000, 0x00000000e4a10000, 0x00000000e8000000)
  object space 75840K, 99% used [0x00000000e0000000,0x00000000e49c82b8,0x00000000e4a10000)
}
Event: 2988189.152 GC heap before
{Heap before GC invocations=71432 (full 223):
 PSYoungGen      total 14912K, used 13568K [0x00000000fa000000, 0x00000000fb000000, 0x0000000100000000)
  eden space 13568K, 100% used [0x00000000fa000000,0x00000000fad40000,0x00000000fad40000)
  from space 1344K, 0% used [0x00000000faeb0000,0x00000000faeb0000,0x00000000fb000000)
  to   space 1408K, 0% used [0x00000000fad40000,0x00000000fad40000,0x00000000faea0000)
 ParOldGen       total 108288K, used 108175K [0x00000000e8000000, 0x00000000ee9c0000, 0x00000000fa000000)
  object space 108288K, 99% used [0x00000000e8000000,0x00000000ee9a3e78,0x00000000ee9c0000)
 PSPermGen       total 75840K, used 75552K [0x00000000e0000000, 0x00000000e4a10000, 0x00000000e8000000)
  object space 75840K, 99% used [0x00000000e0000000,0x00000000e49c82b8,0x00000000e4a10000)
Event: 2988189.165 GC heap after
Heap after GC invocations=71432 (full 223):
 PSYoungGen      total 13888K, used 320K [0x00000000fa000000, 0x00000000fb000000, 0x0000000100000000)
  eden space 13568K, 0% used [0x00000000fa000000,0x00000000fa000000,0x00000000fad40000)
  from space 320K, 100% used [0x00000000fad40000,0x00000000fad90000,0x00000000fad90000)
  to   space 1472K, 0% used [0x00000000fae90000,0x00000000fae90000,0x00000000fb000000)
 ParOldGen       total 108288K, used 108175K [0x00000000e8000000, 0x00000000ee9c0000, 0x00000000fa000000)
  object space 108288K, 99% used [0x00000000e8000000,0x00000000ee9a3e78,0x00000000ee9c0000)
 PSPermGen       total 75840K, used 75552K [0x00000000e0000000, 0x00000000e4a10000, 0x00000000e8000000)
  object space 75840K, 99% used [0x00000000e0000000,0x00000000e49c82b8,0x00000000e4a10000)
}
Event: 2988290.922 GC heap before
{Heap before GC invocations=71433 (full 223):
 PSYoungGen      total 13888K, used 13888K [0x00000000fa000000, 0x00000000fb000000, 0x0000000100000000)
  eden space 13568K, 100% used [0x00000000fa000000,0x00000000fad40000,0x00000000fad40000)
  from space 320K, 100% used [0x00000000fad40000,0x00000000fad90000,0x00000000fad90000)
  to   space 1472K, 0% used [0x00000000fae90000,0x00000000fae90000,0x00000000fb000000)
 ParOldGen       total 139200K, used 139067K [0x00000000e8000000, 0x00000000f07f0000, 0x00000000fa000000)
  object space 139200K, 99% used [0x00000000e8000000,0x00000000f07cedf8,0x00000000f07f0000)
 PSPermGen       total 75840K, used 75552K [0x00000000e0000000, 0x00000000e4a10000, 0x00000000e8000000)
  object space 75840K, 99% used [0x00000000e0000000,0x00000000e49c82b8,0x00000000e4a10000)
Event: 2988290.933 GC heap after
Heap after GC invocations=71433 (full 223):
 PSYoungGen      total 14912K, used 480K [0x00000000fa000000, 0x00000000fb000000, 0x0000000100000000)
  eden space 13440K, 0% used [0x00000000fa000000,0x00000000fa000000,0x00000000fad20000)
  from space 1472K, 32% used [0x00000000fae90000,0x00000000faf08000,0x00000000fb000000)
  to   space 1472K, 0% used [0x00000000fad20000,0x00000000fad20000,0x00000000fae90000)
 ParOldGen       total 139200K, used 139067K [0x00000000e8000000, 0x00000000f07f0000, 0x00000000fa000000)
  object space 139200K, 99% used [0x00000000e8000000,0x00000000f07cedf8,0x00000000f07f0000)
 PSPermGen       total 75840K, used 75552K [0x00000000e0000000, 0x00000000e4a10000, 0x00000000e8000000)
  object space 75840K, 99% used [0x00000000e0000000,0x00000000e49c82b8,0x00000000e4a10000)
}
Event: 2988329.870 GC heap before
{Heap before GC invocations=71434 (full 224):
 PSYoungGen      total 14912K, used 13920K [0x00000000fa000000, 0x00000000fb000000, 0x0000000100000000)
  eden space 13440K, 100% used [0x00000000fa000000,0x00000000fad20000,0x00000000fad20000)
  from space 1472K, 32% used [0x00000000fae90000,0x00000000faf08000,0x00000000fb000000)
  to   space 1472K, 0% used [0x00000000fad20000,0x00000000fad20000,0x00000000fae90000)
 ParOldGen       total 142656K, used 142640K [0x00000000e8000000, 0x00000000f0b50000, 0x00000000fa000000)
  object space 142656K, 99% used [0x00000000e8000000,0x00000000f0b4c180,0x00000000f0b50000)
 PSPermGen       total 75840K, used 75552K [0x00000000e0000000, 0x00000000e4a10000, 0x00000000e8000000)
  object space 75840K, 99% used [0x00000000e0000000,0x00000000e49c82b8,0x00000000e4a10000)
Event: 2988330.027 GC heap after
Heap after GC invocations=71434 (full 224):
 PSYoungGen      total 14912K, used 0K [0x00000000fa000000, 0x00000000fb000000, 0x0000000100000000)
  eden space 13440K, 0% used [0x00000000fa000000,0x00000000fa000000,0x00000000fad20000)
  from space 1472K, 0% used [0x00000000fae90000,0x00000000fae90000,0x00000000fb000000)
  to   space 1472K, 0% used [0x00000000fad20000,0x00000000fad20000,0x00000000fae90000)
 ParOldGen       total 71616K, used 66824K [0x00000000e8000000, 0x00000000ec5f0000, 0x00000000fa000000)
  object space 71616K, 93% used [0x00000000e8000000,0x00000000ec1420b0,0x00000000ec5f0000)
 PSPermGen       total 75840K, used 75552K [0x00000000e0000000, 0x00000000e4a10000, 0x00000000e8000000)
  object space 75840K, 99% used [0x00000000e0000000,0x00000000e49c82b8,0x00000000e4a10000)
}

