# JRE version: 7.0_11-b21
# Java VM: Java HotSpot(TM) 64-Bit Server VM (23.6-b04 mixed mode linux-amd64 compressed oops)
Heap
 PSYoungGen      total 22144K, used 22140K [0x00000000fa000000, 0x00000000fbaf0000, 0x0000000100000000)
  eden space 19136K, 100% used [0x00000000fa000000,0x00000000fb2b0000,0x00000000fb2b0000)
  from space 3008K, 99% used [0x00000000fb330000,0x00000000fb61f010,0x00000000fb620000)
  to   space 4224K, 0% used [0x00000000fb6d0000,0x00000000fb6d0000,0x00000000fbaf0000)
 ParOldGen       total 141504K, used 141318K [0x00000000e8000000, 0x00000000f0a30000, 0x00000000fa000000)
  object space 141504K, 99% used [0x00000000e8000000,0x00000000f0a018c8,0x00000000f0a30000)
 PSPermGen       total 81984K, used 81484K [0x00000000e0000000, 0x00000000e5010000, 0x00000000e8000000)
  object space 81984K, 99% used [0x00000000e0000000,0x00000000e4f93048,0x00000000e5010000)
GC Heap History (10 events):
Event: 4449184.884 GC heap before
{Heap before GC invocations=129545 (full 298):
 PSYoungGen      total 24576K, used 23296K [0x00000000fa000000, 0x00000000fbbf0000, 0x0000000100000000)
  eden space 21824K, 100% used [0x00000000fa000000,0x00000000fb550000,0x00000000fb550000)
  from space 2752K, 53% used [0x00000000fb940000,0x00000000fbab0000,0x00000000fbbf0000)
  to   space 3392K, 0% used [0x00000000fb550000,0x00000000fb550000,0x00000000fb8a0000)
 ParOldGen       total 100800K, used 89547K [0x00000000e8000000, 0x00000000ee270000, 0x00000000fa000000)
  object space 100800K, 88% used [0x00000000e8000000,0x00000000ed772f98,0x00000000ee270000)
 PSPermGen       total 81984K, used 81484K [0x00000000e0000000, 0x00000000e5010000, 0x00000000e8000000)
  object space 81984K, 99% used [0x00000000e0000000,0x00000000e4f93048,0x00000000e5010000)
Event: 4449184.891 GC heap after
Heap after GC invocations=129545 (full 298):
 PSYoungGen      total 24128K, used 2862K [0x00000000fa000000, 0x00000000fbbc0000, 0x0000000100000000)
  eden space 21248K, 0% used [0x00000000fa000000,0x00000000fa000000,0x00000000fb4c0000)
  from space 2880K, 99% used [0x00000000fb550000,0x00000000fb81b830,0x00000000fb820000)
  to   space 3584K, 0% used [0x00000000fb840000,0x00000000fb840000,0x00000000fbbc0000)
 ParOldGen       total 100800K, used 89571K [0x00000000e8000000, 0x00000000ee270000, 0x00000000fa000000)
  object space 100800K, 88% used [0x00000000e8000000,0x00000000ed778f98,0x00000000ee270000)
 PSPermGen       total 81984K, used 81484K [0x00000000e0000000, 0x00000000e5010000, 0x00000000e8000000)
  object space 81984K, 99% used [0x00000000e0000000,0x00000000e4f93048,0x00000000e5010000)
}
Event: 4449229.863 GC heap before
{Heap before GC invocations=129546 (full 298):
 PSYoungGen      total 24128K, used 24110K [0x00000000fa000000, 0x00000000fbbc0000, 0x0000000100000000)
  eden space 21248K, 100% used [0x00000000fa000000,0x00000000fb4c0000,0x00000000fb4c0000)
  from space 2880K, 99% used [0x00000000fb550000,0x00000000fb81b830,0x00000000fb820000)
  to   space 3584K, 0% used [0x00000000fb840000,0x00000000fb840000,0x00000000fbbc0000)
 ParOldGen       total 100800K, used 89574K [0x00000000e8000000, 0x00000000ee270000, 0x00000000fa000000)
  object space 100800K, 88% used [0x00000000e8000000,0x00000000ed779a60,0x00000000ee270000)
 PSPermGen       total 81984K, used 81484K [0x00000000e0000000, 0x00000000e5010000, 0x00000000e8000000)
  object space 81984K, 99% used [0x00000000e0000000,0x00000000e4f93048,0x00000000e5010000)
Event: 4449229.870 GC heap after
Heap after GC invocations=129546 (full 298):
 PSYoungGen      total 24192K, used 3164K [0x00000000fa000000, 0x00000000fbbb0000, 0x0000000100000000)
  eden space 20672K, 0% used [0x00000000fa000000,0x00000000fa000000,0x00000000fb430000)
  from space 3520K, 89% used [0x00000000fb840000,0x00000000fbb57010,0x00000000fbbb0000)
  to   space 3840K, 0% used [0x00000000fb430000,0x00000000fb430000,0x00000000fb7f0000)
 ParOldGen       total 100800K, used 89630K [0x00000000e8000000, 0x00000000ee270000, 0x00000000fa000000)
  object space 100800K, 88% used [0x00000000e8000000,0x00000000ed787a60,0x00000000ee270000)
 PSPermGen       total 81984K, used 81484K [0x00000000e0000000, 0x00000000e5010000, 0x00000000e8000000)
  object space 81984K, 99% used [0x00000000e0000000,0x00000000e4f93048,0x00000000e5010000)
}
Event: 4449253.863 GC heap before
{Heap before GC invocations=129547 (full 298):
 PSYoungGen      total 24192K, used 23836K [0x00000000fa000000, 0x00000000fbbb0000, 0x0000000100000000)
  eden space 20672K, 100% used [0x00000000fa000000,0x00000000fb430000,0x00000000fb430000)
  from space 3520K, 89% used [0x00000000fb840000,0x00000000fbb57010,0x00000000fbbb0000)
  to   space 3840K, 0% used [0x00000000fb430000,0x00000000fb430000,0x00000000fb7f0000)
 ParOldGen       total 100800K, used 89630K [0x00000000e8000000, 0x00000000ee270000, 0x00000000fa000000)
  object space 100800K, 88% used [0x00000000e8000000,0x00000000ed787a60,0x00000000ee270000)
 PSPermGen       total 81984K, used 81484K [0x00000000e0000000, 0x00000000e5010000, 0x00000000e8000000)
  object space 81984K, 99% used [0x00000000e0000000,0x00000000e4f93048,0x00000000e5010000)
Event: 4449253.871 GC heap after
Heap after GC invocations=129547 (full 298):
 PSYoungGen      total 23296K, used 3132K [0x00000000fa000000, 0x00000000fbb90000, 0x0000000100000000)
  eden space 20160K, 0% used [0x00000000fa000000,0x00000000fa000000,0x00000000fb3b0000)
  from space 3136K, 99% used [0x00000000fb430000,0x00000000fb73f010,0x00000000fb740000)
  to   space 4032K, 0% used [0x00000000fb7a0000,0x00000000fb7a0000,0x00000000fbb90000)
 ParOldGen       total 100800K, used 89742K [0x00000000e8000000, 0x00000000ee270000, 0x00000000fa000000)
  object space 100800K, 89% used [0x00000000e8000000,0x00000000ed7a3a60,0x00000000ee270000)
 PSPermGen       total 81984K, used 81484K [0x00000000e0000000, 0x00000000e5010000, 0x00000000e8000000)
  object space 81984K, 99% used [0x00000000e0000000,0x00000000e4f93048,0x00000000e5010000)
}
Event: 4449277.862 GC heap before
{Heap before GC invocations=129548 (full 298):
 PSYoungGen      total 23296K, used 23292K [0x00000000fa000000, 0x00000000fbb90000, 0x0000000100000000)
  eden space 20160K, 100% used [0x00000000fa000000,0x00000000fb3b0000,0x00000000fb3b0000)
  from space 3136K, 99% used [0x00000000fb430000,0x00000000fb73f010,0x00000000fb740000)
  to   space 4032K, 0% used [0x00000000fb7a0000,0x00000000fb7a0000,0x00000000fbb90000)
 ParOldGen       total 100800K, used 89742K [0x00000000e8000000, 0x00000000ee270000, 0x00000000fa000000)
  object space 100800K, 89% used [0x00000000e8000000,0x00000000ed7a3a60,0x00000000ee270000)
 PSPermGen       total 81984K, used 81484K [0x00000000e0000000, 0x00000000e5010000, 0x00000000e8000000)
  object space 81984K, 99% used [0x00000000e0000000,0x00000000e4f93048,0x00000000e5010000)
Event: 4449277.869 GC heap after
Heap after GC invocations=129548 (full 298):
 PSYoungGen      total 23424K, used 3100K [0x00000000fa000000, 0x00000000fbb50000, 0x0000000100000000)
  eden space 19648K, 0% used [0x00000000fa000000,0x00000000fa000000,0x00000000fb330000)
  from space 3776K, 82% used [0x00000000fb7a0000,0x00000000fbaa7010,0x00000000fbb50000)
  to   space 4160K, 0% used [0x00000000fb330000,0x00000000fb330000,0x00000000fb740000)
 ParOldGen       total 100800K, used 89790K [0x00000000e8000000, 0x00000000ee270000, 0x00000000fa000000)
  object space 100800K, 89% used [0x00000000e8000000,0x00000000ed7afa60,0x00000000ee270000)
 PSPermGen       total 81984K, used 81484K [0x00000000e0000000, 0x00000000e5010000, 0x00000000e8000000)
  object space 81984K, 99% used [0x00000000e0000000,0x00000000e4f93048,0x00000000e5010000)
}
Event: 4449311.057 GC heap before
{Heap before GC invocations=129549 (full 298):
 PSYoungGen      total 23424K, used 22748K [0x00000000fa000000, 0x00000000fbb50000, 0x0000000100000000)
  eden space 19648K, 100% used [0x00000000fa000000,0x00000000fb330000,0x00000000fb330000)
  from space 3776K, 82% used [0x00000000fb7a0000,0x00000000fbaa7010,0x00000000fbb50000)
  to   space 4160K, 0% used [0x00000000fb330000,0x00000000fb330000,0x00000000fb740000)
 ParOldGen       total 100800K, used 90758K [0x00000000e8000000, 0x00000000ee270000, 0x00000000fa000000)
  object space 100800K, 90% used [0x00000000e8000000,0x00000000ed8a1840,0x00000000ee270000)
 PSPermGen       total 81984K, used 81484K [0x00000000e0000000, 0x00000000e5010000, 0x00000000e8000000)
  object space 81984K, 99% used [0x00000000e0000000,0x00000000e4f93048,0x00000000e5010000)
Event: 4449311.065 GC heap after
Heap after GC invocations=129549 (full 298):
 PSYoungGen      total 22144K, used 3004K [0x00000000fa000000, 0x00000000fbaf0000, 0x0000000100000000)
  eden space 19136K, 0% used [0x00000000fa000000,0x00000000fa000000,0x00000000fb2b0000)
  from space 3008K, 99% used [0x00000000fb330000,0x00000000fb61f010,0x00000000fb620000)
  to   space 4224K, 0% used [0x00000000fb6d0000,0x00000000fb6d0000,0x00000000fbaf0000)
 ParOldGen       total 100800K, used 90982K [0x00000000e8000000, 0x00000000ee270000, 0x00000000fa000000)
  object space 100800K, 90% used [0x00000000e8000000,0x00000000ed8d9840,0x00000000ee270000)
 PSPermGen       total 81984K, used 81484K [0x00000000e0000000, 0x00000000e5010000, 0x00000000e8000000)
  object space 81984K, 99% used [0x00000000e0000000,0x00000000e4f93048,0x00000000e5010000)
}

