# JRE version: 7.0_11-b21
# Java VM: Java HotSpot(TM) 64-Bit Server VM (23.6-b04 mixed mode linux-amd64 compressed oops)
Heap
 PSYoungGen      total 15360K, used 14144K [0x00000000fa000000, 0x00000000fb040000, 0x0000000100000000)
  eden space 14144K, 100% used [0x00000000fa000000,0x00000000fadd0000,0x00000000fadd0000)
  from space 1216K, 0% used [0x00000000fadd0000,0x00000000fadd0000,0x00000000faf00000)
  to   space 1152K, 0% used [0x00000000faf20000,0x00000000faf20000,0x00000000fb040000)
 ParOldGen       total 155840K, used 155653K [0x00000000e8000000, 0x00000000f1830000, 0x00000000fa000000)
  object space 155840K, 99% used [0x00000000e8000000,0x00000000f18014f8,0x00000000f1830000)
 PSPermGen       total 105984K, used 61192K [0x00000000e0000000, 0x00000000e6780000, 0x00000000e8000000)
  object space 105984K, 57% used [0x00000000e0000000,0x00000000e3bc2148,0x00000000e6780000)
GC Heap History (10 events):
Event: 12879.274 GC heap before
{Heap before GC invocations=543 (full 2):
 PSYoungGen      total 15296K, used 15296K [0x00000000fa000000, 0x00000000fb020000, 0x0000000100000000)
  eden space 14336K, 100% used [0x00000000fa000000,0x00000000fae00000,0x00000000fae00000)
  from space 960K, 100% used [0x00000000faf10000,0x00000000fb000000,0x00000000fb000000)
  to   space 1088K, 0% used [0x00000000fae00000,0x00000000fae00000,0x00000000faf10000)
 ParOldGen       total 80320K, used 77937K [0x00000000e8000000, 0x00000000ece70000, 0x00000000fa000000)
  object space 80320K, 97% used [0x00000000e8000000,0x00000000ecc1c6b0,0x00000000ece70000)
 PSPermGen       total 97088K, used 61420K [0x00000000e0000000, 0x00000000e5ed0000, 0x00000000e8000000)
  object space 97088K, 63% used [0x00000000e0000000,0x00000000e3bfb080,0x00000000e5ed0000)
Event: 12879.278 GC heap after
Heap after GC invocations=543 (full 2):
 PSYoungGen      total 15360K, used 1010K [0x00000000fa000000, 0x00000000fb000000, 0x0000000100000000)
  eden space 14336K, 0% used [0x00000000fa000000,0x00000000fa000000,0x00000000fae00000)
  from space 1024K, 98% used [0x00000000fae00000,0x00000000faefc820,0x00000000faf00000)
  to   space 1024K, 0% used [0x00000000faf00000,0x00000000faf00000,0x00000000fb000000)
 ParOldGen       total 80320K, used 77945K [0x00000000e8000000, 0x00000000ece70000, 0x00000000fa000000)
  object space 80320K, 97% used [0x00000000e8000000,0x00000000ecc1e6b0,0x00000000ece70000)
 PSPermGen       total 97088K, used 61420K [0x00000000e0000000, 0x00000000e5ed0000, 0x00000000e8000000)
  object space 97088K, 63% used [0x00000000e0000000,0x00000000e3bfb080,0x00000000e5ed0000)
}
Event: 13358.091 GC heap before
{Heap before GC invocations=544 (full 3):
 PSYoungGen      total 15360K, used 15346K [0x00000000fa000000, 0x00000000fb000000, 0x0000000100000000)
  eden space 14336K, 100% used [0x00000000fa000000,0x00000000fae00000,0x00000000fae00000)
  from space 1024K, 98% used [0x00000000fae00000,0x00000000faefc820,0x00000000faf00000)
  to   space 1024K, 0% used [0x00000000faf00000,0x00000000faf00000,0x00000000fb000000)
 ParOldGen       total 294912K, used 294912K [0x00000000e8000000, 0x00000000fa000000, 0x00000000fa000000)
  object space 294912K, 100% used [0x00000000e8000000,0x00000000fa000000,0x00000000fa000000)
 PSPermGen       total 97088K, used 61420K [0x00000000e0000000, 0x00000000e5ed0000, 0x00000000e8000000)
  object space 97088K, 63% used [0x00000000e0000000,0x00000000e3bfb310,0x00000000e5ed0000)
Event: 13358.333 GC heap after
Heap after GC invocations=544 (full 3):
 PSYoungGen      total 15360K, used 0K [0x00000000fa000000, 0x00000000fb000000, 0x0000000100000000)
  eden space 14336K, 0% used [0x00000000fa000000,0x00000000fa000000,0x00000000fae00000)
  from space 1024K, 0% used [0x00000000fae00000,0x00000000fae00000,0x00000000faf00000)
  to   space 1024K, 0% used [0x00000000faf00000,0x00000000faf00000,0x00000000fb000000)
 ParOldGen       total 85184K, used 46000K [0x00000000e8000000, 0x00000000ed330000, 0x00000000fa000000)
  object space 85184K, 54% used [0x00000000e8000000,0x00000000eacec3a8,0x00000000ed330000)
 PSPermGen       total 105792K, used 61310K [0x00000000e0000000, 0x00000000e6750000, 0x00000000e8000000)
  object space 105792K, 57% used [0x00000000e0000000,0x00000000e3bdf918,0x00000000e6750000)
}
Event: 13631.588 GC heap before
{Heap before GC invocations=545 (full 3):
 PSYoungGen      total 15360K, used 14336K [0x00000000fa000000, 0x00000000fb000000, 0x0000000100000000)
  eden space 14336K, 100% used [0x00000000fa000000,0x00000000fae00000,0x00000000fae00000)
  from space 1024K, 0% used [0x00000000fae00000,0x00000000fae00000,0x00000000faf00000)
  to   space 1024K, 0% used [0x00000000faf00000,0x00000000faf00000,0x00000000fb000000)
 ParOldGen       total 164288K, used 164166K [0x00000000e8000000, 0x00000000f2070000, 0x00000000fa000000)
  object space 164288K, 99% used [0x00000000e8000000,0x00000000f2051b98,0x00000000f2070000)
 PSPermGen       total 105792K, used 61310K [0x00000000e0000000, 0x00000000e6750000, 0x00000000e8000000)
  object space 105792K, 57% used [0x00000000e0000000,0x00000000e3bdf918,0x00000000e6750000)
Event: 13631.618 GC heap after
Heap after GC invocations=545 (full 3):
 PSYoungGen      total 15168K, used 352K [0x00000000fa000000, 0x00000000fb0a0000, 0x0000000100000000)
  eden space 14144K, 0% used [0x00000000fa000000,0x00000000fa000000,0x00000000fadd0000)
  from space 1024K, 34% used [0x00000000faf00000,0x00000000faf58000,0x00000000fb000000)
  to   space 1216K, 0% used [0x00000000fadd0000,0x00000000fadd0000,0x00000000faf00000)
 ParOldGen       total 164288K, used 164166K [0x00000000e8000000, 0x00000000f2070000, 0x00000000fa000000)
  object space 164288K, 99% used [0x00000000e8000000,0x00000000f2051b98,0x00000000f2070000)
 PSPermGen       total 105792K, used 61310K [0x00000000e0000000, 0x00000000e6750000, 0x00000000e8000000)
  object space 105792K, 57% used [0x00000000e0000000,0x00000000e3bdf918,0x00000000e6750000)
}
Event: 13896.530 GC heap before
{Heap before GC invocations=546 (full 3):
 PSYoungGen      total 15168K, used 14496K [0x00000000fa000000, 0x00000000fb0a0000, 0x0000000100000000)
  eden space 14144K, 100% used [0x00000000fa000000,0x00000000fadd0000,0x00000000fadd0000)
  from space 1024K, 34% used [0x00000000faf00000,0x00000000faf58000,0x00000000fb000000)
  to   space 1216K, 0% used [0x00000000fadd0000,0x00000000fadd0000,0x00000000faf00000)
 ParOldGen       total 279296K, used 279176K [0x00000000e8000000, 0x00000000f90c0000, 0x00000000fa000000)
  object space 279296K, 99% used [0x00000000e8000000,0x00000000f90a21f8,0x00000000f90c0000)
 PSPermGen       total 105792K, used 61310K [0x00000000e0000000, 0x00000000e6750000, 0x00000000e8000000)
  object space 105792K, 57% used [0x00000000e0000000,0x00000000e3bdf918,0x00000000e6750000)
Event: 13896.558 GC heap after
Heap after GC invocations=546 (full 3):
 PSYoungGen      total 15360K, used 576K [0x00000000fa000000, 0x00000000fb040000, 0x0000000100000000)
  eden space 14144K, 0% used [0x00000000fa000000,0x00000000fa000000,0x00000000fadd0000)
  from space 1216K, 47% used [0x00000000fadd0000,0x00000000fae60000,0x00000000faf00000)
  to   space 1152K, 0% used [0x00000000faf20000,0x00000000faf20000,0x00000000fb040000)
 ParOldGen       total 279296K, used 279176K [0x00000000e8000000, 0x00000000f90c0000, 0x00000000fa000000)
  object space 279296K, 99% used [0x00000000e8000000,0x00000000f90a21f8,0x00000000f90c0000)
 PSPermGen       total 105792K, used 61310K [0x00000000e0000000, 0x00000000e6750000, 0x00000000e8000000)
  object space 105792K, 57% used [0x00000000e0000000,0x00000000e3bdf918,0x00000000e6750000)
}
Event: 13963.757 GC heap before
{Heap before GC invocations=547 (full 4):
 PSYoungGen      total 15360K, used 14720K [0x00000000fa000000, 0x00000000fb040000, 0x0000000100000000)
  eden space 14144K, 100% used [0x00000000fa000000,0x00000000fadd0000,0x00000000fadd0000)
  from space 1216K, 47% used [0x00000000fadd0000,0x00000000fae60000,0x00000000faf00000)
  to   space 1152K, 0% used [0x00000000faf20000,0x00000000faf20000,0x00000000fb040000)
 ParOldGen       total 294912K, used 294911K [0x00000000e8000000, 0x00000000fa000000, 0x00000000fa000000)
  object space 294912K, 99% used [0x00000000e8000000,0x00000000f9fffff8,0x00000000fa000000)
 PSPermGen       total 105792K, used 61310K [0x00000000e0000000, 0x00000000e6750000, 0x00000000e8000000)
  object space 105792K, 57% used [0x00000000e0000000,0x00000000e3bdf918,0x00000000e6750000)
Event: 13963.889 GC heap after
Heap after GC invocations=547 (full 4):
 PSYoungGen      total 15360K, used 0K [0x00000000fa000000, 0x00000000fb040000, 0x0000000100000000)
  eden space 14144K, 0% used [0x00000000fa000000,0x00000000fa000000,0x00000000fadd0000)
  from space 1216K, 0% used [0x00000000fadd0000,0x00000000fadd0000,0x00000000faf00000)
  to   space 1152K, 0% used [0x00000000faf20000,0x00000000faf20000,0x00000000fb040000)
 ParOldGen       total 84032K, used 46269K [0x00000000e8000000, 0x00000000ed210000, 0x00000000fa000000)
  object space 84032K, 55% used [0x00000000e8000000,0x00000000ead2f7f0,0x00000000ed210000)
 PSPermGen       total 105984K, used 61192K [0x00000000e0000000, 0x00000000e6780000, 0x00000000e8000000)
  object space 105984K, 57% used [0x00000000e0000000,0x00000000e3bc2148,0x00000000e6780000)
}

