# JRE version: 7.0_11-b21
# Java VM: Java HotSpot(TM) 64-Bit Server VM (23.6-b04 mixed mode linux-amd64 compressed oops)
Heap
 PSYoungGen      total 36160K, used 36160K [0x00000000fa000000, 0x00000000fdeb0000, 0x0000000100000000)
  eden space 35392K, 100% used [0x00000000fa000000,0x00000000fc290000,0x00000000fc290000)
  from space 768K, 100% used [0x00000000fdd80000,0x00000000fde40000,0x00000000fde40000)
  to   space 448K, 0% used [0x00000000fde40000,0x00000000fde40000,0x00000000fdeb0000)
 ParOldGen       total 131264K, used 131073K [0x00000000e8000000, 0x00000000f0030000, 0x00000000fa000000)
  object space 131264K, 99% used [0x00000000e8000000,0x00000000f0000410,0x00000000f0030000)
 PSPermGen       total 74368K, used 68096K [0x00000000e0000000, 0x00000000e48a0000, 0x00000000e8000000)
  object space 74368K, 91% used [0x00000000e0000000,0x00000000e42800e8,0x00000000e48a0000)
GC Heap History (10 events):
Event: 329177.530 GC heap before
{Heap before GC invocations=6659 (full 20):
 PSYoungGen      total 38912K, used 38880K [0x00000000fa000000, 0x00000000fe030000, 0x0000000100000000)
  eden space 38400K, 100% used [0x00000000fa000000,0x00000000fc580000,0x00000000fc580000)
  from space 512K, 93% used [0x00000000fdfb0000,0x00000000fe028000,0x00000000fe030000)
  to   space 832K, 0% used [0x00000000fde90000,0x00000000fde90000,0x00000000fdf60000)
 ParOldGen       total 123968K, used 50298K [0x00000000e8000000, 0x00000000ef910000, 0x00000000fa000000)
  object space 123968K, 40% used [0x00000000e8000000,0x00000000eb11e858,0x00000000ef910000)
 PSPermGen       total 74368K, used 68093K [0x00000000e0000000, 0x00000000e48a0000, 0x00000000e8000000)
  object space 74368K, 91% used [0x00000000e0000000,0x00000000e427f400,0x00000000e48a0000)
Event: 329177.534 GC heap after
Heap after GC invocations=6659 (full 20):
 PSYoungGen      total 38272K, used 512K [0x00000000fa000000, 0x00000000fdfc0000, 0x0000000100000000)
  eden space 37760K, 0% used [0x00000000fa000000,0x00000000fa000000,0x00000000fc4e0000)
  from space 512K, 100% used [0x00000000fde90000,0x00000000fdf10000,0x00000000fdf10000)
  to   space 704K, 0% used [0x00000000fdf10000,0x00000000fdf10000,0x00000000fdfc0000)
 ParOldGen       total 123968K, used 50298K [0x00000000e8000000, 0x00000000ef910000, 0x00000000fa000000)
  object space 123968K, 40% used [0x00000000e8000000,0x00000000eb11e858,0x00000000ef910000)
 PSPermGen       total 74368K, used 68093K [0x00000000e0000000, 0x00000000e48a0000, 0x00000000e8000000)
  object space 74368K, 91% used [0x00000000e0000000,0x00000000e427f400,0x00000000e48a0000)
}
Event: 329258.544 GC heap before
{Heap before GC invocations=6660 (full 20):
 PSYoungGen      total 38272K, used 38272K [0x00000000fa000000, 0x00000000fdfc0000, 0x0000000100000000)
  eden space 37760K, 100% used [0x00000000fa000000,0x00000000fc4e0000,0x00000000fc4e0000)
  from space 512K, 100% used [0x00000000fde90000,0x00000000fdf10000,0x00000000fdf10000)
  to   space 704K, 0% used [0x00000000fdf10000,0x00000000fdf10000,0x00000000fdfc0000)
 ParOldGen       total 123968K, used 50298K [0x00000000e8000000, 0x00000000ef910000, 0x00000000fa000000)
  object space 123968K, 40% used [0x00000000e8000000,0x00000000eb11e858,0x00000000ef910000)
 PSPermGen       total 74368K, used 68093K [0x00000000e0000000, 0x00000000e48a0000, 0x00000000e8000000)
  object space 74368K, 91% used [0x00000000e0000000,0x00000000e427f400,0x00000000e48a0000)
Event: 329258.548 GC heap after
Heap after GC invocations=6660 (full 20):
 PSYoungGen      total 37696K, used 576K [0x00000000fa000000, 0x00000000fdfa0000, 0x0000000100000000)
  eden space 37120K, 0% used [0x00000000fa000000,0x00000000fa000000,0x00000000fc440000)
  from space 576K, 100% used [0x00000000fdf10000,0x00000000fdfa0000,0x00000000fdfa0000)
  to   space 832K, 0% used [0x00000000fde00000,0x00000000fde00000,0x00000000fded0000)
 ParOldGen       total 123968K, used 50298K [0x00000000e8000000, 0x00000000ef910000, 0x00000000fa000000)
  object space 123968K, 40% used [0x00000000e8000000,0x00000000eb11e858,0x00000000ef910000)
 PSPermGen       total 74368K, used 68093K [0x00000000e0000000, 0x00000000e48a0000, 0x00000000e8000000)
  object space 74368K, 91% used [0x00000000e0000000,0x00000000e427f400,0x00000000e48a0000)
}
Event: 329319.742 GC heap before
{Heap before GC invocations=6661 (full 20):
 PSYoungGen      total 37696K, used 37696K [0x00000000fa000000, 0x00000000fdfa0000, 0x0000000100000000)
  eden space 37120K, 100% used [0x00000000fa000000,0x00000000fc440000,0x00000000fc440000)
  from space 576K, 100% used [0x00000000fdf10000,0x00000000fdfa0000,0x00000000fdfa0000)
  to   space 832K, 0% used [0x00000000fde00000,0x00000000fde00000,0x00000000fded0000)
 ParOldGen       total 123968K, used 50298K [0x00000000e8000000, 0x00000000ef910000, 0x00000000fa000000)
  object space 123968K, 40% used [0x00000000e8000000,0x00000000eb11e858,0x00000000ef910000)
 PSPermGen       total 74368K, used 68093K [0x00000000e0000000, 0x00000000e48a0000, 0x00000000e8000000)
  object space 74368K, 91% used [0x00000000e0000000,0x00000000e427f400,0x00000000e48a0000)
Event: 329319.746 GC heap after
Heap after GC invocations=6661 (full 20):
 PSYoungGen      total 37184K, used 608K [0x00000000fa000000, 0x00000000fdf20000, 0x0000000100000000)
  eden space 36544K, 0% used [0x00000000fa000000,0x00000000fa000000,0x00000000fc3b0000)
  from space 640K, 95% used [0x00000000fde00000,0x00000000fde98000,0x00000000fdea0000)
  to   space 512K, 0% used [0x00000000fdea0000,0x00000000fdea0000,0x00000000fdf20000)
 ParOldGen       total 123968K, used 50298K [0x00000000e8000000, 0x00000000ef910000, 0x00000000fa000000)
  object space 123968K, 40% used [0x00000000e8000000,0x00000000eb11e858,0x00000000ef910000)
 PSPermGen       total 74368K, used 68093K [0x00000000e0000000, 0x00000000e48a0000, 0x00000000e8000000)
  object space 74368K, 91% used [0x00000000e0000000,0x00000000e427f400,0x00000000e48a0000)
}
Event: 329396.532 GC heap before
{Heap before GC invocations=6662 (full 20):
 PSYoungGen      total 37184K, used 37152K [0x00000000fa000000, 0x00000000fdf20000, 0x0000000100000000)
  eden space 36544K, 100% used [0x00000000fa000000,0x00000000fc3b0000,0x00000000fc3b0000)
  from space 640K, 95% used [0x00000000fde00000,0x00000000fde98000,0x00000000fdea0000)
  to   space 512K, 0% used [0x00000000fdea0000,0x00000000fdea0000,0x00000000fdf20000)
 ParOldGen       total 123968K, used 50298K [0x00000000e8000000, 0x00000000ef910000, 0x00000000fa000000)
  object space 123968K, 40% used [0x00000000e8000000,0x00000000eb11e858,0x00000000ef910000)
 PSPermGen       total 74368K, used 68093K [0x00000000e0000000, 0x00000000e48a0000, 0x00000000e8000000)
  object space 74368K, 91% used [0x00000000e0000000,0x00000000e427f400,0x00000000e48a0000)
Event: 329396.536 GC heap after
Heap after GC invocations=6662 (full 20):
 PSYoungGen      total 36480K, used 512K [0x00000000fa000000, 0x00000000fdf20000, 0x0000000100000000)
  eden space 35968K, 0% used [0x00000000fa000000,0x00000000fa000000,0x00000000fc320000)
  from space 512K, 100% used [0x00000000fdea0000,0x00000000fdf20000,0x00000000fdf20000)
  to   space 832K, 0% used [0x00000000fdd80000,0x00000000fdd80000,0x00000000fde50000)
 ParOldGen       total 123968K, used 50418K [0x00000000e8000000, 0x00000000ef910000, 0x00000000fa000000)
  object space 123968K, 40% used [0x00000000e8000000,0x00000000eb13c858,0x00000000ef910000)
 PSPermGen       total 74368K, used 68093K [0x00000000e0000000, 0x00000000e48a0000, 0x00000000e8000000)
  object space 74368K, 91% used [0x00000000e0000000,0x00000000e427f400,0x00000000e48a0000)
}
Event: 329474.537 GC heap before
{Heap before GC invocations=6663 (full 20):
 PSYoungGen      total 36480K, used 36480K [0x00000000fa000000, 0x00000000fdf20000, 0x0000000100000000)
  eden space 35968K, 100% used [0x00000000fa000000,0x00000000fc320000,0x00000000fc320000)
  from space 512K, 100% used [0x00000000fdea0000,0x00000000fdf20000,0x00000000fdf20000)
  to   space 832K, 0% used [0x00000000fdd80000,0x00000000fdd80000,0x00000000fde50000)
 ParOldGen       total 123968K, used 50418K [0x00000000e8000000, 0x00000000ef910000, 0x00000000fa000000)
  object space 123968K, 40% used [0x00000000e8000000,0x00000000eb13c858,0x00000000ef910000)
 PSPermGen       total 74368K, used 68093K [0x00000000e0000000, 0x00000000e48a0000, 0x00000000e8000000)
  object space 74368K, 91% used [0x00000000e0000000,0x00000000e427f400,0x00000000e48a0000)
Event: 329474.541 GC heap after
Heap after GC invocations=6663 (full 20):
 PSYoungGen      total 36160K, used 768K [0x00000000fa000000, 0x00000000fdeb0000, 0x0000000100000000)
  eden space 35392K, 0% used [0x00000000fa000000,0x00000000fa000000,0x00000000fc290000)
  from space 768K, 100% used [0x00000000fdd80000,0x00000000fde40000,0x00000000fde40000)
  to   space 448K, 0% used [0x00000000fde40000,0x00000000fde40000,0x00000000fdeb0000)
 ParOldGen       total 123968K, used 50418K [0x00000000e8000000, 0x00000000ef910000, 0x00000000fa000000)
  object space 123968K, 40% used [0x00000000e8000000,0x00000000eb13c858,0x00000000ef910000)
 PSPermGen       total 74368K, used 68093K [0x00000000e0000000, 0x00000000e48a0000, 0x00000000e8000000)
  object space 74368K, 91% used [0x00000000e0000000,0x00000000e427f400,0x00000000e48a0000)
}

