# JRE version: 7.0_11-b21
# Java VM: Java HotSpot(TM) 64-Bit Server VM (23.6-b04 mixed mode linux-amd64 compressed oops)
Heap
 PSYoungGen      total 14720K, used 14272K [0x00000000fa000000, 0x00000000fb010000, 0x0000000100000000)
  eden space 14272K, 100% used [0x00000000fa000000,0x00000000fadf0000,0x00000000fadf0000)
  from space 448K, 0% used [0x00000000fae20000,0x00000000fae20000,0x00000000fae90000)
  to   space 1088K, 0% used [0x00000000faf00000,0x00000000faf00000,0x00000000fb010000)
 ParOldGen       total 126976K, used 126976K [0x00000000e8000000, 0x00000000efc00000, 0x00000000fa000000)
  object space 126976K, 100% used [0x00000000e8000000,0x00000000efc00000,0x00000000efc00000)
 PSPermGen       total 97984K, used 60193K [0x00000000e0000000, 0x00000000e5fb0000, 0x00000000e8000000)
  object space 97984K, 61% used [0x00000000e0000000,0x00000000e3ac8428,0x00000000e5fb0000)
GC Heap History (10 events):
Event: 18648.973 GC heap before
{Heap before GC invocations=890 (full 4):
 PSYoungGen      total 15296K, used 14464K [0x00000000fa000000, 0x00000000fb040000, 0x0000000100000000)
  eden space 14464K, 100% used [0x00000000fa000000,0x00000000fae20000,0x00000000fae20000)
  from space 832K, 0% used [0x00000000faf30000,0x00000000faf30000,0x00000000fb000000)
  to   space 1088K, 0% used [0x00000000fae20000,0x00000000fae20000,0x00000000faf30000)
 ParOldGen       total 294912K, used 294911K [0x00000000e8000000, 0x00000000fa000000, 0x00000000fa000000)
  object space 294912K, 99% used [0x00000000e8000000,0x00000000f9fffff8,0x00000000fa000000)
 PSPermGen       total 106688K, used 60313K [0x00000000e0000000, 0x00000000e6830000, 0x00000000e8000000)
  object space 106688K, 56% used [0x00000000e0000000,0x00000000e3ae6790,0x00000000e6830000)
Event: 18649.104 GC heap after
Heap after GC invocations=890 (full 4):
 PSYoungGen      total 15296K, used 0K [0x00000000fa000000, 0x00000000fb040000, 0x0000000100000000)
  eden space 14464K, 0% used [0x00000000fa000000,0x00000000fa000000,0x00000000fae20000)
  from space 832K, 0% used [0x00000000faf30000,0x00000000faf30000,0x00000000fb000000)
  to   space 1088K, 0% used [0x00000000fae20000,0x00000000fae20000,0x00000000faf30000)
 ParOldGen       total 85184K, used 45796K [0x00000000e8000000, 0x00000000ed330000, 0x00000000fa000000)
  object space 85184K, 53% used [0x00000000e8000000,0x00000000eacb91f8,0x00000000ed330000)
 PSPermGen       total 106560K, used 60313K [0x00000000e0000000, 0x00000000e6810000, 0x00000000e8000000)
  object space 106560K, 56% used [0x00000000e0000000,0x00000000e3ae6790,0x00000000e6810000)
}
Event: 19188.832 GC heap before
{Heap before GC invocations=891 (full 5):
 PSYoungGen      total 15296K, used 14464K [0x00000000fa000000, 0x00000000fb040000, 0x0000000100000000)
  eden space 14464K, 100% used [0x00000000fa000000,0x00000000fae20000,0x00000000fae20000)
  from space 832K, 0% used [0x00000000faf30000,0x00000000faf30000,0x00000000fb000000)
  to   space 1088K, 0% used [0x00000000fae20000,0x00000000fae20000,0x00000000faf30000)
 ParOldGen       total 294912K, used 294911K [0x00000000e8000000, 0x00000000fa000000, 0x00000000fa000000)
  object space 294912K, 99% used [0x00000000e8000000,0x00000000f9fffff8,0x00000000fa000000)
 PSPermGen       total 106560K, used 60313K [0x00000000e0000000, 0x00000000e6810000, 0x00000000e8000000)
  object space 106560K, 56% used [0x00000000e0000000,0x00000000e3ae67b0,0x00000000e6810000)
Event: 19188.959 GC heap after
Heap after GC invocations=891 (full 5):
 PSYoungGen      total 15296K, used 0K [0x00000000fa000000, 0x00000000fb040000, 0x0000000100000000)
  eden space 14464K, 0% used [0x00000000fa000000,0x00000000fa000000,0x00000000fae20000)
  from space 832K, 0% used [0x00000000faf30000,0x00000000faf30000,0x00000000fb000000)
  to   space 1088K, 0% used [0x00000000fae20000,0x00000000fae20000,0x00000000faf30000)
 ParOldGen       total 84096K, used 46093K [0x00000000e8000000, 0x00000000ed220000, 0x00000000fa000000)
  object space 84096K, 54% used [0x00000000e8000000,0x00000000ead03658,0x00000000ed220000)
 PSPermGen       total 104512K, used 60193K [0x00000000e0000000, 0x00000000e6610000, 0x00000000e8000000)
  object space 104512K, 57% used [0x00000000e0000000,0x00000000e3ac8448,0x00000000e6610000)
}
Event: 19225.978 GC heap before
{Heap before GC invocations=892 (full 5):
 PSYoungGen      total 15296K, used 14464K [0x00000000fa000000, 0x00000000fb040000, 0x0000000100000000)
  eden space 14464K, 100% used [0x00000000fa000000,0x00000000fae20000,0x00000000fae20000)
  from space 832K, 0% used [0x00000000faf30000,0x00000000faf30000,0x00000000fb000000)
  to   space 1088K, 0% used [0x00000000fae20000,0x00000000fae20000,0x00000000faf30000)
 ParOldGen       total 84096K, used 49391K [0x00000000e8000000, 0x00000000ed220000, 0x00000000fa000000)
  object space 84096K, 58% used [0x00000000e8000000,0x00000000eb03bce8,0x00000000ed220000)
 PSPermGen       total 104512K, used 60193K [0x00000000e0000000, 0x00000000e6610000, 0x00000000e8000000)
  object space 104512K, 57% used [0x00000000e0000000,0x00000000e3ac8448,0x00000000e6610000)
Event: 19225.983 GC heap after
Heap after GC invocations=892 (full 5):
 PSYoungGen      total 14720K, used 448K [0x00000000fa000000, 0x00000000fb010000, 0x0000000100000000)
  eden space 14272K, 0% used [0x00000000fa000000,0x00000000fa000000,0x00000000fadf0000)
  from space 448K, 100% used [0x00000000fae20000,0x00000000fae90000,0x00000000fae90000)
  to   space 1088K, 0% used [0x00000000faf00000,0x00000000faf00000,0x00000000fb010000)
 ParOldGen       total 84096K, used 49391K [0x00000000e8000000, 0x00000000ed220000, 0x00000000fa000000)
  object space 84096K, 58% used [0x00000000e8000000,0x00000000eb03bce8,0x00000000ed220000)
 PSPermGen       total 104512K, used 60193K [0x00000000e0000000, 0x00000000e6610000, 0x00000000e8000000)
  object space 104512K, 57% used [0x00000000e0000000,0x00000000e3ac8448,0x00000000e6610000)
}
Event: 19746.961 GC heap before
{Heap before GC invocations=893 (full 6):
 PSYoungGen      total 14720K, used 14720K [0x00000000fa000000, 0x00000000fb010000, 0x0000000100000000)
  eden space 14272K, 100% used [0x00000000fa000000,0x00000000fadf0000,0x00000000fadf0000)
  from space 448K, 100% used [0x00000000fae20000,0x00000000fae90000,0x00000000fae90000)
  to   space 1088K, 0% used [0x00000000faf00000,0x00000000faf00000,0x00000000fb010000)
 ParOldGen       total 288960K, used 288819K [0x00000000e8000000, 0x00000000f9a30000, 0x00000000fa000000)
  object space 288960K, 99% used [0x00000000e8000000,0x00000000f9a0ce70,0x00000000f9a30000)
 PSPermGen       total 104512K, used 60193K [0x00000000e0000000, 0x00000000e6610000, 0x00000000e8000000)
  object space 104512K, 57% used [0x00000000e0000000,0x00000000e3ac8448,0x00000000e6610000)
Event: 19747.080 GC heap after
Heap after GC invocations=893 (full 6):
 PSYoungGen      total 14720K, used 0K [0x00000000fa000000, 0x00000000fb010000, 0x0000000100000000)
  eden space 14272K, 0% used [0x00000000fa000000,0x00000000fa000000,0x00000000fadf0000)
  from space 448K, 0% used [0x00000000fae20000,0x00000000fae20000,0x00000000fae90000)
  to   space 1088K, 0% used [0x00000000faf00000,0x00000000faf00000,0x00000000fb010000)
 ParOldGen       total 82624K, used 45978K [0x00000000e8000000, 0x00000000ed0b0000, 0x00000000fa000000)
  object space 82624K, 55% used [0x00000000e8000000,0x00000000eace6a68,0x00000000ed0b0000)
 PSPermGen       total 101760K, used 60193K [0x00000000e0000000, 0x00000000e6360000, 0x00000000e8000000)
  object space 101760K, 59% used [0x00000000e0000000,0x00000000e3ac8428,0x00000000e6360000)
}
Event: 20292.836 GC heap before
{Heap before GC invocations=894 (full 7):
 PSYoungGen      total 14720K, used 14272K [0x00000000fa000000, 0x00000000fb010000, 0x0000000100000000)
  eden space 14272K, 100% used [0x00000000fa000000,0x00000000fadf0000,0x00000000fadf0000)
  from space 448K, 0% used [0x00000000fae20000,0x00000000fae20000,0x00000000fae90000)
  to   space 1088K, 0% used [0x00000000faf00000,0x00000000faf00000,0x00000000fb010000)
 ParOldGen       total 294912K, used 294912K [0x00000000e8000000, 0x00000000fa000000, 0x00000000fa000000)
  object space 294912K, 100% used [0x00000000e8000000,0x00000000fa000000,0x00000000fa000000)
 PSPermGen       total 101760K, used 60193K [0x00000000e0000000, 0x00000000e6360000, 0x00000000e8000000)
  object space 101760K, 59% used [0x00000000e0000000,0x00000000e3ac8428,0x00000000e6360000)
Event: 20292.960 GC heap after
Heap after GC invocations=894 (full 7):
 PSYoungGen      total 14720K, used 0K [0x00000000fa000000, 0x00000000fb010000, 0x0000000100000000)
  eden space 14272K, 0% used [0x00000000fa000000,0x00000000fa000000,0x00000000fadf0000)
  from space 448K, 0% used [0x00000000fae20000,0x00000000fae20000,0x00000000fae90000)
  to   space 1088K, 0% used [0x00000000faf00000,0x00000000faf00000,0x00000000fb010000)
 ParOldGen       total 81472K, used 46085K [0x00000000e8000000, 0x00000000ecf90000, 0x00000000fa000000)
  object space 81472K, 56% used [0x00000000e8000000,0x00000000ead016b8,0x00000000ecf90000)
 PSPermGen       total 97984K, used 60193K [0x00000000e0000000, 0x00000000e5fb0000, 0x00000000e8000000)
  object space 97984K, 61% used [0x00000000e0000000,0x00000000e3ac8428,0x00000000e5fb0000)
}

