# JRE version: 7.0_11-b21
# Java VM: Java HotSpot(TM) 64-Bit Server VM (23.6-b04 mixed mode linux-amd64 compressed oops)
Heap
 PSYoungGen      total 14720K, used 14144K [0x00000000fa000000, 0x00000000fb2d0000, 0x0000000100000000)
  eden space 14144K, 100% used [0x00000000fa000000,0x00000000fadd0000,0x00000000fadd0000)
  from space 576K, 0% used [0x00000000fae00000,0x00000000fae00000,0x00000000fae90000)
  to   space 2560K, 0% used [0x00000000fb050000,0x00000000fb050000,0x00000000fb2d0000)
 ParOldGen       total 116928K, used 116741K [0x00000000e8000000, 0x00000000ef230000, 0x00000000fa000000)
  object space 116928K, 99% used [0x00000000e8000000,0x00000000ef201440,0x00000000ef230000)
 PSPermGen       total 89216K, used 59666K [0x00000000e0000000, 0x00000000e5720000, 0x00000000e8000000)
  object space 89216K, 66% used [0x00000000e0000000,0x00000000e3a44ae8,0x00000000e5720000)
GC Heap History (10 events):
Event: 4603.922 GC heap before
{Heap before GC invocations=102 (full 5):
 PSYoungGen      total 14720K, used 14144K [0x00000000fa000000, 0x00000000fb2d0000, 0x0000000100000000)
  eden space 14144K, 100% used [0x00000000fa000000,0x00000000fadd0000,0x00000000fadd0000)
  from space 576K, 0% used [0x00000000fae00000,0x00000000fae00000,0x00000000fae90000)
  to   space 2560K, 0% used [0x00000000fb050000,0x00000000fb050000,0x00000000fb2d0000)
 ParOldGen       total 294912K, used 294911K [0x00000000e8000000, 0x00000000fa000000, 0x00000000fa000000)
  object space 294912K, 99% used [0x00000000e8000000,0x00000000f9fffff8,0x00000000fa000000)
 PSPermGen       total 104000K, used 59665K [0x00000000e0000000, 0x00000000e6590000, 0x00000000e8000000)
  object space 104000K, 57% used [0x00000000e0000000,0x00000000e3a44600,0x00000000e6590000)
Event: 4604.036 GC heap after
Heap after GC invocations=102 (full 5):
 PSYoungGen      total 14720K, used 0K [0x00000000fa000000, 0x00000000fb2d0000, 0x0000000100000000)
  eden space 14144K, 0% used [0x00000000fa000000,0x00000000fa000000,0x00000000fadd0000)
  from space 576K, 0% used [0x00000000fae00000,0x00000000fae00000,0x00000000fae90000)
  to   space 2560K, 0% used [0x00000000fb050000,0x00000000fb050000,0x00000000fb2d0000)
 ParOldGen       total 78656K, used 44945K [0x00000000e8000000, 0x00000000eccd0000, 0x00000000fa000000)
  object space 78656K, 57% used [0x00000000e8000000,0x00000000eabe47b0,0x00000000eccd0000)
 PSPermGen       total 102848K, used 59665K [0x00000000e0000000, 0x00000000e6470000, 0x00000000e8000000)
  object space 102848K, 58% used [0x00000000e0000000,0x00000000e3a44600,0x00000000e6470000)
}
Event: 4957.200 GC heap before
{Heap before GC invocations=103 (full 6):
 PSYoungGen      total 14720K, used 14144K [0x00000000fa000000, 0x00000000fb2d0000, 0x0000000100000000)
  eden space 14144K, 100% used [0x00000000fa000000,0x00000000fadd0000,0x00000000fadd0000)
  from space 576K, 0% used [0x00000000fae00000,0x00000000fae00000,0x00000000fae90000)
  to   space 2560K, 0% used [0x00000000fb050000,0x00000000fb050000,0x00000000fb2d0000)
 ParOldGen       total 199808K, used 199655K [0x00000000e8000000, 0x00000000f4320000, 0x00000000fa000000)
  object space 199808K, 99% used [0x00000000e8000000,0x00000000f42f9f58,0x00000000f4320000)
 PSPermGen       total 102848K, used 59665K [0x00000000e0000000, 0x00000000e6470000, 0x00000000e8000000)
  object space 102848K, 58% used [0x00000000e0000000,0x00000000e3a44600,0x00000000e6470000)
Event: 4957.315 GC heap after
Heap after GC invocations=103 (full 6):
 PSYoungGen      total 14720K, used 0K [0x00000000fa000000, 0x00000000fb2d0000, 0x0000000100000000)
  eden space 14144K, 0% used [0x00000000fa000000,0x00000000fa000000,0x00000000fadd0000)
  from space 576K, 0% used [0x00000000fae00000,0x00000000fae00000,0x00000000fae90000)
  to   space 2560K, 0% used [0x00000000fb050000,0x00000000fb050000,0x00000000fb2d0000)
 ParOldGen       total 77120K, used 44595K [0x00000000e8000000, 0x00000000ecb50000, 0x00000000fa000000)
  object space 77120K, 57% used [0x00000000e8000000,0x00000000eab8cf18,0x00000000ecb50000)
 PSPermGen       total 100096K, used 59665K [0x00000000e0000000, 0x00000000e61c0000, 0x00000000e8000000)
  object space 100096K, 59% used [0x00000000e0000000,0x00000000e3a44600,0x00000000e61c0000)
}
Event: 5128.077 GC heap before
{Heap before GC invocations=104 (full 7):
 PSYoungGen      total 14720K, used 14144K [0x00000000fa000000, 0x00000000fb2d0000, 0x0000000100000000)
  eden space 14144K, 100% used [0x00000000fa000000,0x00000000fadd0000,0x00000000fadd0000)
  from space 576K, 0% used [0x00000000fae00000,0x00000000fae00000,0x00000000fae90000)
  to   space 2560K, 0% used [0x00000000fb050000,0x00000000fb050000,0x00000000fb2d0000)
 ParOldGen       total 110912K, used 110896K [0x00000000e8000000, 0x00000000eec50000, 0x00000000fa000000)
  object space 110912K, 99% used [0x00000000e8000000,0x00000000eec4c060,0x00000000eec50000)
 PSPermGen       total 100096K, used 59665K [0x00000000e0000000, 0x00000000e61c0000, 0x00000000e8000000)
  object space 100096K, 59% used [0x00000000e0000000,0x00000000e3a44600,0x00000000e61c0000)
Event: 5128.175 GC heap after
Heap after GC invocations=104 (full 7):
 PSYoungGen      total 14720K, used 0K [0x00000000fa000000, 0x00000000fb2d0000, 0x0000000100000000)
  eden space 14144K, 0% used [0x00000000fa000000,0x00000000fa000000,0x00000000fadd0000)
  from space 576K, 0% used [0x00000000fae00000,0x00000000fae00000,0x00000000fae90000)
  to   space 2560K, 0% used [0x00000000fb050000,0x00000000fb050000,0x00000000fb2d0000)
 ParOldGen       total 76096K, used 44598K [0x00000000e8000000, 0x00000000eca50000, 0x00000000fa000000)
  object space 76096K, 58% used [0x00000000e8000000,0x00000000eab8d988,0x00000000eca50000)
 PSPermGen       total 96512K, used 59665K [0x00000000e0000000, 0x00000000e5e40000, 0x00000000e8000000)
  object space 96512K, 61% used [0x00000000e0000000,0x00000000e3a44600,0x00000000e5e40000)
}
Event: 5552.492 GC heap before
{Heap before GC invocations=105 (full 8):
 PSYoungGen      total 14720K, used 14144K [0x00000000fa000000, 0x00000000fb2d0000, 0x0000000100000000)
  eden space 14144K, 100% used [0x00000000fa000000,0x00000000fadd0000,0x00000000fadd0000)
  from space 576K, 0% used [0x00000000fae00000,0x00000000fae00000,0x00000000fae90000)
  to   space 2560K, 0% used [0x00000000fb050000,0x00000000fb050000,0x00000000fb2d0000)
 ParOldGen       total 230848K, used 230748K [0x00000000e8000000, 0x00000000f6170000, 0x00000000fa000000)
  object space 230848K, 99% used [0x00000000e8000000,0x00000000f61570b0,0x00000000f6170000)
 PSPermGen       total 96512K, used 59666K [0x00000000e0000000, 0x00000000e5e40000, 0x00000000e8000000)
  object space 96512K, 61% used [0x00000000e0000000,0x00000000e3a44908,0x00000000e5e40000)
Event: 5552.599 GC heap after
Heap after GC invocations=105 (full 8):
 PSYoungGen      total 14720K, used 0K [0x00000000fa000000, 0x00000000fb2d0000, 0x0000000100000000)
  eden space 14144K, 0% used [0x00000000fa000000,0x00000000fa000000,0x00000000fadd0000)
  from space 576K, 0% used [0x00000000fae00000,0x00000000fae00000,0x00000000fae90000)
  to   space 2560K, 0% used [0x00000000fb050000,0x00000000fb050000,0x00000000fb2d0000)
 ParOldGen       total 75072K, used 44614K [0x00000000e8000000, 0x00000000ec950000, 0x00000000fa000000)
  object space 75072K, 59% used [0x00000000e8000000,0x00000000eab91b30,0x00000000ec950000)
 PSPermGen       total 92864K, used 59666K [0x00000000e0000000, 0x00000000e5ab0000, 0x00000000e8000000)
  object space 92864K, 64% used [0x00000000e0000000,0x00000000e3a44908,0x00000000e5ab0000)
}
Event: 6045.676 GC heap before
{Heap before GC invocations=106 (full 9):
 PSYoungGen      total 14720K, used 14144K [0x00000000fa000000, 0x00000000fb2d0000, 0x0000000100000000)
  eden space 14144K, 100% used [0x00000000fa000000,0x00000000fadd0000,0x00000000fadd0000)
  from space 576K, 0% used [0x00000000fae00000,0x00000000fae00000,0x00000000fae90000)
  to   space 2560K, 0% used [0x00000000fb050000,0x00000000fb050000,0x00000000fb2d0000)
 ParOldGen       total 261888K, used 261789K [0x00000000e8000000, 0x00000000f7fc0000, 0x00000000fa000000)
  object space 261888K, 99% used [0x00000000e8000000,0x00000000f7fa75d8,0x00000000f7fc0000)
 PSPermGen       total 92864K, used 59666K [0x00000000e0000000, 0x00000000e5ab0000, 0x00000000e8000000)
  object space 92864K, 64% used [0x00000000e0000000,0x00000000e3a44ae8,0x00000000e5ab0000)
Event: 6045.788 GC heap after
Heap after GC invocations=106 (full 9):
 PSYoungGen      total 14720K, used 0K [0x00000000fa000000, 0x00000000fb2d0000, 0x0000000100000000)
  eden space 14144K, 0% used [0x00000000fa000000,0x00000000fa000000,0x00000000fadd0000)
  from space 576K, 0% used [0x00000000fae00000,0x00000000fae00000,0x00000000fae90000)
  to   space 2560K, 0% used [0x00000000fb050000,0x00000000fb050000,0x00000000fb2d0000)
 ParOldGen       total 74112K, used 44630K [0x00000000e8000000, 0x00000000ec860000, 0x00000000fa000000)
  object space 74112K, 60% used [0x00000000e8000000,0x00000000eab95bc0,0x00000000ec860000)
 PSPermGen       total 89216K, used 59666K [0x00000000e0000000, 0x00000000e5720000, 0x00000000e8000000)
  object space 89216K, 66% used [0x00000000e0000000,0x00000000e3a44ae8,0x00000000e5720000)
}

